Compilazione avviata 12/11/2014 18:33:18.
     1>Progetto "D:\minimalcustom\minimal_vc9.vcxproj" sul nodo 2 (destinazioni: Rebuild).
     1>ClCompile:
         D:\Microsoft Visual Studio 12.0\VC\bin\CL.exe /c /I.\include /I.\include\mswud /Zi /nologo /W4 /WX- /O2 /Oy- /D WIN32 /D __WXMSW__ /D NDEBUG /D _UNICODE /D _WINDOWS /D NOPCH /D _UNICODE /D UNICODE /Gm- /EHsc /MD /GS /fp:precise /Zc:wchar_t /Zc:forScope /GR /Fo"bin\minimal\\" /Fd"bin\minimal.pdb" /Gd /TP /analyze- /errorReport:prompt /MP src\ClientTsFrm.cpp src\Login.cpp src\minimal.cpp
         ClientTsFrm.cpp
         Login.cpp
         Please update wx/platform.h to recognize this VC++ version
         minimal.cpp
         Please update wx/platform.h to recognize this VC++ version
         Please update wx/platform.h to recognize this VC++ version
     1>src\Login.cpp(132): warning C4130: '==': operazione logica su indirizzo di costante di stringa
     1>src\Login.cpp(137): warning C4130: '==': operazione logica su indirizzo di costante di stringa
     1>src\Login.cpp(157): warning C4100: 'event': parametro formale senza riferimenti
     1>C:\Program Files (x86)\Windows Kits\8.1\Include\um\sphelper.h(1319): warning C4996: 'GetVersionExW': è stato dichiarato deprecato (src\ClientTsFrm.cpp)
                 C:\Program Files (x86)\Windows Kits\8.1\Include\um\sysinfoapi.h(442): vedere la dichiarazione di 'GetVersionExW'
     1>d:\minimalcustom\src\login.cpp(37): warning C4702: codice non eseguibile
     1>d:\minimalcustom\src\login.cpp(116): warning C4706: assegnazione all'interno di un'espressione condizionale
     1>src\ClientTsFrm.cpp(252): warning C4018: '<': errata corrispondenza tra signed e unsigned
     1>src\ClientTsFrm.cpp(292): warning C4018: '<': errata corrispondenza tra signed e unsigned
     1>src\ClientTsFrm.cpp(264): warning C4101: 'temp': variabile locale senza riferimenti
     1>src\ClientTsFrm.cpp(314): warning C4189: 'PROVA': variabile locale inizializzata ma senza riferimenti
     1>src\ClientTsFrm.cpp(304): warning C4101: 'i': variabile locale senza riferimenti
     1>src\ClientTsFrm.cpp(313): warning C4101: 'frase': variabile locale senza riferimenti
     1>src\ClientTsFrm.cpp(396): warning C4189: 'veroheader': variabile locale inizializzata ma senza riferimenti
     1>src\ClientTsFrm.cpp(592): warning C4100: 'invokerUniqueIdentifier': parametro formale senza riferimenti
     1>src\ClientTsFrm.cpp(592): warning C4100: 'invokerName': parametro formale senza riferimenti
     1>src\ClientTsFrm.cpp(592): warning C4100: 'invokerID': parametro formale senza riferimenti
     1>src\ClientTsFrm.cpp(592): warning C4100: 'channelParentID': parametro formale senza riferimenti
     1>src\ClientTsFrm.cpp(611): warning C4100: 'invokerUniqueIdentifier': parametro formale senza riferimenti
     1>src\ClientTsFrm.cpp(611): warning C4100: 'serverConnectionHandlerID': parametro formale senza riferimenti
     1>src\ClientTsFrm.cpp(626): warning C4100: 'visibility': parametro formale senza riferimenti
     1>src\ClientTsFrm.cpp(626): warning C4100: 'serverConnectionHandlerID': parametro formale senza riferimenti
     1>src\ClientTsFrm.cpp(641): warning C4100: 'visibility': parametro formale senza riferimenti
     1>src\ClientTsFrm.cpp(641): warning C4100: 'newChannelID': parametro formale senza riferimenti
     1>src\ClientTsFrm.cpp(641): warning C4100: 'oldChannelID': parametro formale senza riferimenti
     1>src\ClientTsFrm.cpp(662): warning C4100: 'visibility': parametro formale senza riferimenti
     1>src\ClientTsFrm.cpp(662): warning C4100: 'newChannelID': parametro formale senza riferimenti
     1>src\ClientTsFrm.cpp(662): warning C4100: 'oldChannelID': parametro formale senza riferimenti
     1>src\ClientTsFrm.cpp(662): warning C4100: 'serverConnectionHandlerID': parametro formale senza riferimenti
     1>src\ClientTsFrm.cpp(676): warning C4100: 'isReceivedWhisper': parametro formale senza riferimenti
     1>src\ClientTsFrm.cpp(711): warning C4100: 'returnCode': parametro formale senza riferimenti
     1>src\ClientTsFrm.cpp(726): warning C4100: 'completeLogString': parametro formale senza riferimenti
     1>src\ClientTsFrm.cpp(726): warning C4100: 'logTime': parametro formale senza riferimenti
     1>src\ClientTsFrm.cpp(726): warning C4100: 'logID': parametro formale senza riferimenti
     1>src\ClientTsFrm.cpp(726): warning C4100: 'logChannel': parametro formale senza riferimenti
     1>src\ClientTsFrm.cpp(726): warning C4100: 'logMessage': parametro formale senza riferimenti
     1>src\ClientTsFrm.cpp(749): warning C4100: 'sizeOfData': parametro formale senza riferimenti
     1>src\ClientTsFrm.cpp(749): warning C4100: 'dataToSend': parametro formale senza riferimenti
     1>src\ClientTsFrm.cpp(772): warning C4100: 'dataReceivedSize': parametro formale senza riferimenti
     1>src\ClientTsFrm.cpp(772): warning C4100: 'dataReceived': parametro formale senza riferimenti
     1>src\ClientTsFrm.cpp(803): warning C4100: 'serverConnectionHandlerID': parametro formale senza riferimenti
     1>src\ClientTsFrm.cpp(987): warning C4100: 'returnCode': parametro formale senza riferimenti
     1>src\ClientTsFrm.cpp(987): warning C4100: 'targetClientID': parametro formale senza riferimenti
     1>src\ClientTsFrm.cpp(986): warning C4100: 'message': parametro formale senza riferimenti
     1>src\ClientTsFrm.cpp(986): warning C4100: 'serverConnectionHandlerID': parametro formale senza riferimenti
     1>src\ClientTsFrm.cpp(993): warning C4100: 'returnCode': parametro formale senza riferimenti
     1>src\ClientTsFrm.cpp(992): warning C4100: 'message': parametro formale senza riferimenti
     1>src\ClientTsFrm.cpp(992): warning C4100: 'serverConnectionHandlerID': parametro formale senza riferimenti
     1>src\ClientTsFrm.cpp(998): warning C4100: 'fromUniqueIdentifier': parametro formale senza riferimenti
     1>src\ClientTsFrm.cpp(998): warning C4100: 'fromName': parametro formale senza riferimenti
     1>src\ClientTsFrm.cpp(998): warning C4100: 'toID': parametro formale senza riferimenti
     1>src\ClientTsFrm.cpp(998): warning C4100: 'targetMode': parametro formale senza riferimenti
     1>src\ClientTsFrm.cpp(1011): warning C4189: 'prova': variabile locale inizializzata ma senza riferimenti
     1>src\ClientTsFrm.cpp(1242): warning C4100: 'returnCode': parametro formale senza riferimenti
     1>src\ClientTsFrm.cpp(1242): warning C4100: 'targetChannelID': parametro formale senza riferimenti
     1>src\ClientTsFrm.cpp(1241): warning C4100: 'message': parametro formale senza riferimenti
     1>src\ClientTsFrm.cpp(1241): warning C4100: 'serverConnectionHandlerID': parametro formale senza riferimenti
     1>src\ClientTsFrm.cpp(1278): warning C4245: '=': conversione da 'int' a 'unsigned short'. Errore di corrispondenza tra signed e unsigned.
     1>src\ClientTsFrm.cpp(1254): warning C4101: 'due': variabile locale senza riferimenti
     1>src\ClientTsFrm.cpp(1254): warning C4101: 'uno': variabile locale senza riferimenti
     1>src\ClientTsFrm.cpp(1254): warning C4101: 'tre': variabile locale senza riferimenti
     1>src\ClientTsFrm.cpp(1606): warning C4100: 'lpParameter': parametro formale senza riferimenti
     1>src\ClientTsFrm.cpp(1973): warning C4189: 'myHandle': variabile locale inizializzata ma senza riferimenti
     1>src\ClientTsFrm.cpp(1978): warning C4100: 'event': parametro formale senza riferimenti
     1>src\ClientTsFrm.cpp(1989): warning C4100: 'lpParameter': parametro formale senza riferimenti
     1>src\ClientTsFrm.cpp(2026): warning C4189: 'nick': variabile locale inizializzata ma senza riferimenti
     1>src\ClientTsFrm.cpp(2107): warning C4100: 'event': parametro formale senza riferimenti
     1>src\ClientTsFrm.cpp(2134): warning C4100: 'event': parametro formale senza riferimenti
     1>src\ClientTsFrm.cpp(2168): warning C4100: 'event': parametro formale senza riferimenti
     1>src\ClientTsFrm.cpp(2177): warning C4100: 'event': parametro formale senza riferimenti
     1>src\ClientTsFrm.cpp(2200): warning C4100: 'event': parametro formale senza riferimenti
     1>src\ClientTsFrm.cpp(2229): warning C4100: 'event': parametro formale senza riferimenti
     1>src\ClientTsFrm.cpp(2237): warning C4100: 'event': parametro formale senza riferimenti
     1>src\ClientTsFrm.cpp(2246): warning C4100: 'event': parametro formale senza riferimenti
     1>d:\minimalcustom\src\clienttsfrm.cpp(146): warning C4706: assegnazione all'interno di un'espressione condizionale
     1>d:\minimalcustom\src\clienttsfrm.cpp(191): warning C4706: assegnazione all'interno di un'espressione condizionale
     1>d:\minimalcustom\src\clienttsfrm.cpp(200): warning C4715: 'JSON': non tutti i percorsi di controllo restituiscono un valore
     1>d:\minimalcustom\src\clienttsfrm.cpp(331): warning C4706: assegnazione all'interno di un'espressione condizionale
     1>d:\minimalcustom\src\clienttsfrm.cpp(352): warning C4706: assegnazione all'interno di un'espressione condizionale
     1>d:\minimalcustom\src\clienttsfrm.cpp(364): warning C4706: assegnazione all'interno di un'espressione condizionale
     1>d:\minimalcustom\src\clienttsfrm.cpp(522): warning C4715: 'richiestaGoogle': non tutti i percorsi di controllo restituiscono un valore
     1>d:\minimalcustom\src\clienttsfrm.cpp(1956): warning C4706: assegnazione all'interno di un'espressione condizionale
     1>d:\minimalcustom\src\clienttsfrm.cpp(1965): warning C4706: assegnazione all'interno di un'espressione condizionale
       ResourceCompile:
         C:\Program Files (x86)\Windows Kits\8.1\bin\x86\rc.exe /D __WXMSW__ /D NDEBUG /D _UNICODE /D _WINDOWS /D NOPCH /D _UNICODE /D UNICODE /l"0x0409" /I.\..\..\lib\vc_lib\mswu /I.\..\..\include /I. /I.\..\..\samples /nologo /fo"bin\minimal\sample.res" res\sample.rc 
       Link:
         D:\Microsoft Visual Studio 12.0\VC\bin\link.exe /ERRORREPORT:PROMPT /OUT:"bin\minimal.exe" /INCREMENTAL:NO /NOLOGO /LIBPATH:.\lib wxmsw29u_core.lib wxbase29u.lib wxmsw29u_richtext.lib wxmsw29u_adv.lib wxmsw29u_html.lib wxbase29u_xml.lib wxtiff.lib wxjpeg.lib wxpng.lib wxzlib.lib wxregexu.lib wxexpat.lib wxscintilla.lib odbc32.lib opengl32.lib ts3client_win32.lib ts3client_win64.lib ts3server_win32.lib ts3server_win64.lib libcrypto.a libcrypto.dll.a libcurl.a libcurldll.a libidn.a libidn.dll.a librtmp.a libssh2.a libssh2dll.a libssl.a libssl.dll.a libz.a libz.dll.a libzdll.a audiere.lib kernel32.lib user32.lib gdi32.lib comdlg32.lib winspool.lib winmm.lib shell32.lib comctl32.lib ole32.lib oleaut32.lib uuid.lib rpcrt4.lib advapi32.lib wsock32.lib wininet.lib kernel32.lib user32.lib gdi32.lib winspool.lib comdlg32.lib advapi32.lib shell32.lib ole32.lib oleaut32.lib uuid.lib odbc32.lib odbccp32.lib /MANIFEST /MANIFESTUAC:"level='asInvoker' uiAccess='false'" /manifest:embed /DEBUG /PDB:"bin\minimal.pdb" /SUBSYSTEM:WINDOWS /OPT:REF /OPT:ICF /TLBID:1 /DYNAMICBASE /NXCOMPAT /IMPLIB:"bin\minimal.lib" /MACHINE:X86 /SAFESEH bin\minimal\sample.res
         bin\minimal\ClientTsFrm.obj
         bin\minimal\Login.obj
         bin\minimal\minimal.obj
     1>wxmsw29u_core.lib(accelcmn.obj) : warning LNK4099: impossibile trovare il PDB 'wxmsw29u_core.pdb' con 'wxmsw29u_core.lib(accelcmn.obj)' o in 'D:\minimalcustom\bin\wxmsw29u_core.pdb'; oggetto collegato senza informazioni di debug
     1>wxmsw29u_core.lib(affinematrix2d.obj) : warning LNK4099: impossibile trovare il PDB 'wxmsw29u_core.pdb' con 'wxmsw29u_core.lib(affinematrix2d.obj)' o in 'D:\minimalcustom\bin\wxmsw29u_core.pdb'; oggetto collegato senza informazioni di debug
     1>wxmsw29u_core.lib(anidecod.obj) : warning LNK4099: impossibile trovare il PDB 'wxmsw29u_core.pdb' con 'wxmsw29u_core.lib(anidecod.obj)' o in 'D:\minimalcustom\bin\wxmsw29u_core.pdb'; oggetto collegato senza informazioni di debug
     1>wxmsw29u_core.lib(appcmn.obj) : warning LNK4099: impossibile trovare il PDB 'wxmsw29u_core.pdb' con 'wxmsw29u_core.lib(appcmn.obj)' o in 'D:\minimalcustom\bin\wxmsw29u_core.pdb'; oggetto collegato senza informazioni di debug
     1>wxmsw29u_core.lib(artprov.obj) : warning LNK4099: impossibile trovare il PDB 'wxmsw29u_core.pdb' con 'wxmsw29u_core.lib(artprov.obj)' o in 'D:\minimalcustom\bin\wxmsw29u_core.pdb'; oggetto collegato senza informazioni di debug
     1>wxmsw29u_core.lib(artstd.obj) : warning LNK4099: impossibile trovare il PDB 'wxmsw29u_core.pdb' con 'wxmsw29u_core.lib(artstd.obj)' o in 'D:\minimalcustom\bin\wxmsw29u_core.pdb'; oggetto collegato senza informazioni di debug
     1>wxmsw29u_core.lib(arttango.obj) : warning LNK4099: impossibile trovare il PDB 'wxmsw29u_core.pdb' con 'wxmsw29u_core.lib(arttango.obj)' o in 'D:\minimalcustom\bin\wxmsw29u_core.pdb'; oggetto collegato senza informazioni di debug
     1>wxmsw29u_core.lib(bmpbase.obj) : warning LNK4099: impossibile trovare il PDB 'wxmsw29u_core.pdb' con 'wxmsw29u_core.lib(bmpbase.obj)' o in 'D:\minimalcustom\bin\wxmsw29u_core.pdb'; oggetto collegato senza informazioni di debug
     1>wxmsw29u_core.lib(bmpbtncmn.obj) : warning LNK4099: impossibile trovare il PDB 'wxmsw29u_core.pdb' con 'wxmsw29u_core.lib(bmpbtncmn.obj)' o in 'D:\minimalcustom\bin\wxmsw29u_core.pdb'; oggetto collegato senza informazioni di debug
     1>wxmsw29u_core.lib(bookctrl.obj) : warning LNK4099: impossibile trovare il PDB 'wxmsw29u_core.pdb' con 'wxmsw29u_core.lib(bookctrl.obj)' o in 'D:\minimalcustom\bin\wxmsw29u_core.pdb'; oggetto collegato senza informazioni di debug
     1>wxmsw29u_core.lib(btncmn.obj) : warning LNK4099: impossibile trovare il PDB 'wxmsw29u_core.pdb' con 'wxmsw29u_core.lib(btncmn.obj)' o in 'D:\minimalcustom\bin\wxmsw29u_core.pdb'; oggetto collegato senza informazioni di debug
     1>wxmsw29u_core.lib(checkboxcmn.obj) : warning LNK4099: impossibile trovare il PDB 'wxmsw29u_core.pdb' con 'wxmsw29u_core.lib(checkboxcmn.obj)' o in 'D:\minimalcustom\bin\wxmsw29u_core.pdb'; oggetto collegato senza informazioni di debug
     1>wxmsw29u_core.lib(checklstcmn.obj) : warning LNK4099: impossibile trovare il PDB 'wxmsw29u_core.pdb' con 'wxmsw29u_core.lib(checklstcmn.obj)' o in 'D:\minimalcustom\bin\wxmsw29u_core.pdb'; oggetto collegato senza informazioni di debug
     1>wxmsw29u_core.lib(choiccmn.obj) : warning LNK4099: impossibile trovare il PDB 'wxmsw29u_core.pdb' con 'wxmsw29u_core.lib(choiccmn.obj)' o in 'D:\minimalcustom\bin\wxmsw29u_core.pdb'; oggetto collegato senza informazioni di debug
     1>wxmsw29u_core.lib(clipcmn.obj) : warning LNK4099: impossibile trovare il PDB 'wxmsw29u_core.pdb' con 'wxmsw29u_core.lib(clipcmn.obj)' o in 'D:\minimalcustom\bin\wxmsw29u_core.pdb'; oggetto collegato senza informazioni di debug
     1>wxmsw29u_core.lib(cmdproc.obj) : warning LNK4099: impossibile trovare il PDB 'wxmsw29u_core.pdb' con 'wxmsw29u_core.lib(cmdproc.obj)' o in 'D:\minimalcustom\bin\wxmsw29u_core.pdb'; oggetto collegato senza informazioni di debug
     1>wxmsw29u_core.lib(cmndata.obj) : warning LNK4099: impossibile trovare il PDB 'wxmsw29u_core.pdb' con 'wxmsw29u_core.lib(cmndata.obj)' o in 'D:\minimalcustom\bin\wxmsw29u_core.pdb'; oggetto collegato senza informazioni di debug
     1>wxmsw29u_core.lib(colourcmn.obj) : warning LNK4099: impossibile trovare il PDB 'wxmsw29u_core.pdb' con 'wxmsw29u_core.lib(colourcmn.obj)' o in 'D:\minimalcustom\bin\wxmsw29u_core.pdb'; oggetto collegato senza informazioni di debug
     1>wxmsw29u_core.lib(colourdata.obj) : warning LNK4099: impossibile trovare il PDB 'wxmsw29u_core.pdb' con 'wxmsw29u_core.lib(colourdata.obj)' o in 'D:\minimalcustom\bin\wxmsw29u_core.pdb'; oggetto collegato senza informazioni di debug
     1>wxmsw29u_core.lib(combocmn.obj) : warning LNK4099: impossibile trovare il PDB 'wxmsw29u_core.pdb' con 'wxmsw29u_core.lib(combocmn.obj)' o in 'D:\minimalcustom\bin\wxmsw29u_core.pdb'; oggetto collegato senza informazioni di debug
     1>wxmsw29u_core.lib(containr.obj) : warning LNK4099: impossibile trovare il PDB 'wxmsw29u_core.pdb' con 'wxmsw29u_core.lib(containr.obj)' o in 'D:\minimalcustom\bin\wxmsw29u_core.pdb'; oggetto collegato senza informazioni di debug
     1>wxmsw29u_core.lib(cshelp.obj) : warning LNK4099: impossibile trovare il PDB 'wxmsw29u_core.pdb' con 'wxmsw29u_core.lib(cshelp.obj)' o in 'D:\minimalcustom\bin\wxmsw29u_core.pdb'; oggetto collegato senza informazioni di debug
     1>wxmsw29u_core.lib(ctrlcmn.obj) : warning LNK4099: impossibile trovare il PDB 'wxmsw29u_core.pdb' con 'wxmsw29u_core.lib(ctrlcmn.obj)' o in 'D:\minimalcustom\bin\wxmsw29u_core.pdb'; oggetto collegato senza informazioni di debug
     1>wxmsw29u_core.lib(ctrlsub.obj) : warning LNK4099: impossibile trovare il PDB 'wxmsw29u_core.pdb' con 'wxmsw29u_core.lib(ctrlsub.obj)' o in 'D:\minimalcustom\bin\wxmsw29u_core.pdb'; oggetto collegato senza informazioni di debug
     1>wxmsw29u_core.lib(dcbase.obj) : warning LNK4099: impossibile trovare il PDB 'wxmsw29u_core.pdb' con 'wxmsw29u_core.lib(dcbase.obj)' o in 'D:\minimalcustom\bin\wxmsw29u_core.pdb'; oggetto collegato senza informazioni di debug
     1>wxmsw29u_core.lib(dcbufcmn.obj) : warning LNK4099: impossibile trovare il PDB 'wxmsw29u_core.pdb' con 'wxmsw29u_core.lib(dcbufcmn.obj)' o in 'D:\minimalcustom\bin\wxmsw29u_core.pdb'; oggetto collegato senza informazioni di debug
     1>wxmsw29u_core.lib(dlgcmn.obj) : warning LNK4099: impossibile trovare il PDB 'wxmsw29u_core.pdb' con 'wxmsw29u_core.lib(dlgcmn.obj)' o in 'D:\minimalcustom\bin\wxmsw29u_core.pdb'; oggetto collegato senza informazioni di debug
     1>wxmsw29u_core.lib(dndcmn.obj) : warning LNK4099: impossibile trovare il PDB 'wxmsw29u_core.pdb' con 'wxmsw29u_core.lib(dndcmn.obj)' o in 'D:\minimalcustom\bin\wxmsw29u_core.pdb'; oggetto collegato senza informazioni di debug
     1>wxmsw29u_core.lib(dobjcmn.obj) : warning LNK4099: impossibile trovare il PDB 'wxmsw29u_core.pdb' con 'wxmsw29u_core.lib(dobjcmn.obj)' o in 'D:\minimalcustom\bin\wxmsw29u_core.pdb'; oggetto collegato senza informazioni di debug
     1>wxmsw29u_core.lib(dpycmn.obj) : warning LNK4099: impossibile trovare il PDB 'wxmsw29u_core.pdb' con 'wxmsw29u_core.lib(dpycmn.obj)' o in 'D:\minimalcustom\bin\wxmsw29u_core.pdb'; oggetto collegato senza informazioni di debug
     1>wxmsw29u_core.lib(dummy.obj) : warning LNK4099: impossibile trovare il PDB 'wxmsw29u_core.pdb' con 'wxmsw29u_core.lib(dummy.obj)' o in 'D:\minimalcustom\bin\wxmsw29u_core.pdb'; oggetto collegato senza informazioni di debug
     1>wxmsw29u_core.lib(event.obj) : warning LNK4099: impossibile trovare il PDB 'wxmsw29u_core.pdb' con 'wxmsw29u_core.lib(event.obj)' o in 'D:\minimalcustom\bin\wxmsw29u_core.pdb'; oggetto collegato senza informazioni di debug
     1>wxmsw29u_core.lib(fldlgcmn.obj) : warning LNK4099: impossibile trovare il PDB 'wxmsw29u_core.pdb' con 'wxmsw29u_core.lib(fldlgcmn.obj)' o in 'D:\minimalcustom\bin\wxmsw29u_core.pdb'; oggetto collegato senza informazioni di debug
     1>wxmsw29u_core.lib(fontcmn.obj) : warning LNK4099: impossibile trovare il PDB 'wxmsw29u_core.pdb' con 'wxmsw29u_core.lib(fontcmn.obj)' o in 'D:\minimalcustom\bin\wxmsw29u_core.pdb'; oggetto collegato senza informazioni di debug
     1>wxmsw29u_core.lib(fontdata.obj) : warning LNK4099: impossibile trovare il PDB 'wxmsw29u_core.pdb' con 'wxmsw29u_core.lib(fontdata.obj)' o in 'D:\minimalcustom\bin\wxmsw29u_core.pdb'; oggetto collegato senza informazioni di debug
     1>wxmsw29u_core.lib(fontenumcmn.obj) : warning LNK4099: impossibile trovare il PDB 'wxmsw29u_core.pdb' con 'wxmsw29u_core.lib(fontenumcmn.obj)' o in 'D:\minimalcustom\bin\wxmsw29u_core.pdb'; oggetto collegato senza informazioni di debug
     1>wxmsw29u_core.lib(fontmap.obj) : warning LNK4099: impossibile trovare il PDB 'wxmsw29u_core.pdb' con 'wxmsw29u_core.lib(fontmap.obj)' o in 'D:\minimalcustom\bin\wxmsw29u_core.pdb'; oggetto collegato senza informazioni di debug
     1>wxmsw29u_core.lib(framecmn.obj) : warning LNK4099: impossibile trovare il PDB 'wxmsw29u_core.pdb' con 'wxmsw29u_core.lib(framecmn.obj)' o in 'D:\minimalcustom\bin\wxmsw29u_core.pdb'; oggetto collegato senza informazioni di debug
     1>wxmsw29u_core.lib(gdicmn.obj) : warning LNK4099: impossibile trovare il PDB 'wxmsw29u_core.pdb' con 'wxmsw29u_core.lib(gdicmn.obj)' o in 'D:\minimalcustom\bin\wxmsw29u_core.pdb'; oggetto collegato senza informazioni di debug
     1>wxmsw29u_core.lib(geometry.obj) : warning LNK4099: impossibile trovare il PDB 'wxmsw29u_core.pdb' con 'wxmsw29u_core.lib(geometry.obj)' o in 'D:\minimalcustom\bin\wxmsw29u_core.pdb'; oggetto collegato senza informazioni di debug
     1>wxmsw29u_core.lib(gifdecod.obj) : warning LNK4099: impossibile trovare il PDB 'wxmsw29u_core.pdb' con 'wxmsw29u_core.lib(gifdecod.obj)' o in 'D:\minimalcustom\bin\wxmsw29u_core.pdb'; oggetto collegato senza informazioni di debug
     1>wxmsw29u_core.lib(graphcmn.obj) : warning LNK4099: impossibile trovare il PDB 'wxmsw29u_core.pdb' con 'wxmsw29u_core.lib(graphcmn.obj)' o in 'D:\minimalcustom\bin\wxmsw29u_core.pdb'; oggetto collegato senza informazioni di debug
     1>wxmsw29u_core.lib(helpbase.obj) : warning LNK4099: impossibile trovare il PDB 'wxmsw29u_core.pdb' con 'wxmsw29u_core.lib(helpbase.obj)' o in 'D:\minimalcustom\bin\wxmsw29u_core.pdb'; oggetto collegato senza informazioni di debug
     1>wxmsw29u_core.lib(iconbndl.obj) : warning LNK4099: impossibile trovare il PDB 'wxmsw29u_core.pdb' con 'wxmsw29u_core.lib(iconbndl.obj)' o in 'D:\minimalcustom\bin\wxmsw29u_core.pdb'; oggetto collegato senza informazioni di debug
     1>wxmsw29u_core.lib(imagbmp.obj) : warning LNK4099: impossibile trovare il PDB 'wxmsw29u_core.pdb' con 'wxmsw29u_core.lib(imagbmp.obj)' o in 'D:\minimalcustom\bin\wxmsw29u_core.pdb'; oggetto collegato senza informazioni di debug
     1>wxmsw29u_core.lib(image.obj) : warning LNK4099: impossibile trovare il PDB 'wxmsw29u_core.pdb' con 'wxmsw29u_core.lib(image.obj)' o in 'D:\minimalcustom\bin\wxmsw29u_core.pdb'; oggetto collegato senza informazioni di debug
     1>wxmsw29u_core.lib(imagpng.obj) : warning LNK4099: impossibile trovare il PDB 'wxmsw29u_core.pdb' con 'wxmsw29u_core.lib(imagpng.obj)' o in 'D:\minimalcustom\bin\wxmsw29u_core.pdb'; oggetto collegato senza informazioni di debug
     1>wxmsw29u_core.lib(layout.obj) : warning LNK4099: impossibile trovare il PDB 'wxmsw29u_core.pdb' con 'wxmsw29u_core.lib(layout.obj)' o in 'D:\minimalcustom\bin\wxmsw29u_core.pdb'; oggetto collegato senza informazioni di debug
     1>wxmsw29u_core.lib(lboxcmn.obj) : warning LNK4099: impossibile trovare il PDB 'wxmsw29u_core.pdb' con 'wxmsw29u_core.lib(lboxcmn.obj)' o in 'D:\minimalcustom\bin\wxmsw29u_core.pdb'; oggetto collegato senza informazioni di debug
     1>wxmsw29u_core.lib(listctrlcmn.obj) : warning LNK4099: impossibile trovare il PDB 'wxmsw29u_core.pdb' con 'wxmsw29u_core.lib(listctrlcmn.obj)' o in 'D:\minimalcustom\bin\wxmsw29u_core.pdb'; oggetto collegato senza informazioni di debug
     1>wxmsw29u_core.lib(markupparser.obj) : warning LNK4099: impossibile trovare il PDB 'wxmsw29u_core.pdb' con 'wxmsw29u_core.lib(markupparser.obj)' o in 'D:\minimalcustom\bin\wxmsw29u_core.pdb'; oggetto collegato senza informazioni di debug
     1>wxmsw29u_core.lib(menucmn.obj) : warning LNK4099: impossibile trovare il PDB 'wxmsw29u_core.pdb' con 'wxmsw29u_core.lib(menucmn.obj)' o in 'D:\minimalcustom\bin\wxmsw29u_core.pdb'; oggetto collegato senza informazioni di debug
     1>wxmsw29u_core.lib(msgout.obj) : warning LNK4099: impossibile trovare il PDB 'wxmsw29u_core.pdb' con 'wxmsw29u_core.lib(msgout.obj)' o in 'D:\minimalcustom\bin\wxmsw29u_core.pdb'; oggetto collegato senza informazioni di debug
     1>wxmsw29u_core.lib(nbkbase.obj) : warning LNK4099: impossibile trovare il PDB 'wxmsw29u_core.pdb' con 'wxmsw29u_core.lib(nbkbase.obj)' o in 'D:\minimalcustom\bin\wxmsw29u_core.pdb'; oggetto collegato senza informazioni di debug
     1>wxmsw29u_core.lib(ownerdrwcmn.obj) : warning LNK4099: impossibile trovare il PDB 'wxmsw29u_core.pdb' con 'wxmsw29u_core.lib(ownerdrwcmn.obj)' o in 'D:\minimalcustom\bin\wxmsw29u_core.pdb'; oggetto collegato senza informazioni di debug
     1>wxmsw29u_core.lib(panelcmn.obj) : warning LNK4099: impossibile trovare il PDB 'wxmsw29u_core.pdb' con 'wxmsw29u_core.lib(panelcmn.obj)' o in 'D:\minimalcustom\bin\wxmsw29u_core.pdb'; oggetto collegato senza informazioni di debug
     1>wxmsw29u_core.lib(paper.obj) : warning LNK4099: impossibile trovare il PDB 'wxmsw29u_core.pdb' con 'wxmsw29u_core.lib(paper.obj)' o in 'D:\minimalcustom\bin\wxmsw29u_core.pdb'; oggetto collegato senza informazioni di debug
     1>wxmsw29u_core.lib(popupcmn.obj) : warning LNK4099: impossibile trovare il PDB 'wxmsw29u_core.pdb' con 'wxmsw29u_core.lib(popupcmn.obj)' o in 'D:\minimalcustom\bin\wxmsw29u_core.pdb'; oggetto collegato senza informazioni di debug
     1>wxmsw29u_core.lib(prntbase.obj) : warning LNK4099: impossibile trovare il PDB 'wxmsw29u_core.pdb' con 'wxmsw29u_core.lib(prntbase.obj)' o in 'D:\minimalcustom\bin\wxmsw29u_core.pdb'; oggetto collegato senza informazioni di debug
     1>wxmsw29u_core.lib(quantize.obj) : warning LNK4099: impossibile trovare il PDB 'wxmsw29u_core.pdb' con 'wxmsw29u_core.lib(quantize.obj)' o in 'D:\minimalcustom\bin\wxmsw29u_core.pdb'; oggetto collegato senza informazioni di debug
     1>wxmsw29u_core.lib(radiobtncmn.obj) : warning LNK4099: impossibile trovare il PDB 'wxmsw29u_core.pdb' con 'wxmsw29u_core.lib(radiobtncmn.obj)' o in 'D:\minimalcustom\bin\wxmsw29u_core.pdb'; oggetto collegato senza informazioni di debug
     1>wxmsw29u_core.lib(radiocmn.obj) : warning LNK4099: impossibile trovare il PDB 'wxmsw29u_core.pdb' con 'wxmsw29u_core.lib(radiocmn.obj)' o in 'D:\minimalcustom\bin\wxmsw29u_core.pdb'; oggetto collegato senza informazioni di debug
     1>wxmsw29u_core.lib(rendcmn.obj) : warning LNK4099: impossibile trovare il PDB 'wxmsw29u_core.pdb' con 'wxmsw29u_core.lib(rendcmn.obj)' o in 'D:\minimalcustom\bin\wxmsw29u_core.pdb'; oggetto collegato senza informazioni di debug
     1>wxmsw29u_core.lib(rgncmn.obj) : warning LNK4099: impossibile trovare il PDB 'wxmsw29u_core.pdb' con 'wxmsw29u_core.lib(rgncmn.obj)' o in 'D:\minimalcustom\bin\wxmsw29u_core.pdb'; oggetto collegato senza informazioni di debug
     1>wxmsw29u_core.lib(scrolbarcmn.obj) : warning LNK4099: impossibile trovare il PDB 'wxmsw29u_core.pdb' con 'wxmsw29u_core.lib(scrolbarcmn.obj)' o in 'D:\minimalcustom\bin\wxmsw29u_core.pdb'; oggetto collegato senza informazioni di debug
     1>wxmsw29u_core.lib(settcmn.obj) : warning LNK4099: impossibile trovare il PDB 'wxmsw29u_core.pdb' con 'wxmsw29u_core.lib(settcmn.obj)' o in 'D:\minimalcustom\bin\wxmsw29u_core.pdb'; oggetto collegato senza informazioni di debug
     1>wxmsw29u_core.lib(sizer.obj) : warning LNK4099: impossibile trovare il PDB 'wxmsw29u_core.pdb' con 'wxmsw29u_core.lib(sizer.obj)' o in 'D:\minimalcustom\bin\wxmsw29u_core.pdb'; oggetto collegato senza informazioni di debug
     1>wxmsw29u_core.lib(slidercmn.obj) : warning LNK4099: impossibile trovare il PDB 'wxmsw29u_core.pdb' con 'wxmsw29u_core.lib(slidercmn.obj)' o in 'D:\minimalcustom\bin\wxmsw29u_core.pdb'; oggetto collegato senza informazioni di debug
     1>wxmsw29u_core.lib(spinbtncmn.obj) : warning LNK4099: impossibile trovare il PDB 'wxmsw29u_core.pdb' con 'wxmsw29u_core.lib(spinbtncmn.obj)' o in 'D:\minimalcustom\bin\wxmsw29u_core.pdb'; oggetto collegato senza informazioni di debug
     1>wxmsw29u_core.lib(spinctrlcmn.obj) : warning LNK4099: impossibile trovare il PDB 'wxmsw29u_core.pdb' con 'wxmsw29u_core.lib(spinctrlcmn.obj)' o in 'D:\minimalcustom\bin\wxmsw29u_core.pdb'; oggetto collegato senza informazioni di debug
     1>wxmsw29u_core.lib(statbar.obj) : warning LNK4099: impossibile trovare il PDB 'wxmsw29u_core.pdb' con 'wxmsw29u_core.lib(statbar.obj)' o in 'D:\minimalcustom\bin\wxmsw29u_core.pdb'; oggetto collegato senza informazioni di debug
     1>wxmsw29u_core.lib(statbmpcmn.obj) : warning LNK4099: impossibile trovare il PDB 'wxmsw29u_core.pdb' con 'wxmsw29u_core.lib(statbmpcmn.obj)' o in 'D:\minimalcustom\bin\wxmsw29u_core.pdb'; oggetto collegato senza informazioni di debug
     1>wxmsw29u_core.lib(statboxcmn.obj) : warning LNK4099: impossibile trovare il PDB 'wxmsw29u_core.pdb' con 'wxmsw29u_core.lib(statboxcmn.obj)' o in 'D:\minimalcustom\bin\wxmsw29u_core.pdb'; oggetto collegato senza informazioni di debug
     1>wxmsw29u_core.lib(statlinecmn.obj) : warning LNK4099: impossibile trovare il PDB 'wxmsw29u_core.pdb' con 'wxmsw29u_core.lib(statlinecmn.obj)' o in 'D:\minimalcustom\bin\wxmsw29u_core.pdb'; oggetto collegato senza informazioni di debug
     1>wxmsw29u_core.lib(stattextcmn.obj) : warning LNK4099: impossibile trovare il PDB 'wxmsw29u_core.pdb' con 'wxmsw29u_core.lib(stattextcmn.obj)' o in 'D:\minimalcustom\bin\wxmsw29u_core.pdb'; oggetto collegato senza informazioni di debug
     1>wxmsw29u_core.lib(stockitem.obj) : warning LNK4099: impossibile trovare il PDB 'wxmsw29u_core.pdb' con 'wxmsw29u_core.lib(stockitem.obj)' o in 'D:\minimalcustom\bin\wxmsw29u_core.pdb'; oggetto collegato senza informazioni di debug
     1>wxmsw29u_core.lib(tbarbase.obj) : warning LNK4099: impossibile trovare il PDB 'wxmsw29u_core.pdb' con 'wxmsw29u_core.lib(tbarbase.obj)' o in 'D:\minimalcustom\bin\wxmsw29u_core.pdb'; oggetto collegato senza informazioni di debug
     1>wxmsw29u_core.lib(textcmn.obj) : warning LNK4099: impossibile trovare il PDB 'wxmsw29u_core.pdb' con 'wxmsw29u_core.lib(textcmn.obj)' o in 'D:\minimalcustom\bin\wxmsw29u_core.pdb'; oggetto collegato senza informazioni di debug
     1>wxmsw29u_core.lib(textentrycmn.obj) : warning LNK4099: impossibile trovare il PDB 'wxmsw29u_core.pdb' con 'wxmsw29u_core.lib(textentrycmn.obj)' o in 'D:\minimalcustom\bin\wxmsw29u_core.pdb'; oggetto collegato senza informazioni di debug
     1>wxmsw29u_core.lib(toplvcmn.obj) : warning LNK4099: impossibile trovare il PDB 'wxmsw29u_core.pdb' con 'wxmsw29u_core.lib(toplvcmn.obj)' o in 'D:\minimalcustom\bin\wxmsw29u_core.pdb'; oggetto collegato senza informazioni di debug
     1>wxmsw29u_core.lib(treebase.obj) : warning LNK4099: impossibile trovare il PDB 'wxmsw29u_core.pdb' con 'wxmsw29u_core.lib(treebase.obj)' o in 'D:\minimalcustom\bin\wxmsw29u_core.pdb'; oggetto collegato senza informazioni di debug
     1>wxmsw29u_core.lib(utilscmn.obj) : warning LNK4099: impossibile trovare il PDB 'wxmsw29u_core.pdb' con 'wxmsw29u_core.lib(utilscmn.obj)' o in 'D:\minimalcustom\bin\wxmsw29u_core.pdb'; oggetto collegato senza informazioni di debug
     1>wxmsw29u_core.lib(validate.obj) : warning LNK4099: impossibile trovare il PDB 'wxmsw29u_core.pdb' con 'wxmsw29u_core.lib(validate.obj)' o in 'D:\minimalcustom\bin\wxmsw29u_core.pdb'; oggetto collegato senza informazioni di debug
     1>wxmsw29u_core.lib(valtext.obj) : warning LNK4099: impossibile trovare il PDB 'wxmsw29u_core.pdb' con 'wxmsw29u_core.lib(valtext.obj)' o in 'D:\minimalcustom\bin\wxmsw29u_core.pdb'; oggetto collegato senza informazioni di debug
     1>wxmsw29u_core.lib(wincmn.obj) : warning LNK4099: impossibile trovare il PDB 'wxmsw29u_core.pdb' con 'wxmsw29u_core.lib(wincmn.obj)' o in 'D:\minimalcustom\bin\wxmsw29u_core.pdb'; oggetto collegato senza informazioni di debug
     1>wxmsw29u_core.lib(windowid.obj) : warning LNK4099: impossibile trovare il PDB 'wxmsw29u_core.pdb' con 'wxmsw29u_core.lib(windowid.obj)' o in 'D:\minimalcustom\bin\wxmsw29u_core.pdb'; oggetto collegato senza informazioni di debug
     1>wxmsw29u_core.lib(xpmdecod.obj) : warning LNK4099: impossibile trovare il PDB 'wxmsw29u_core.pdb' con 'wxmsw29u_core.lib(xpmdecod.obj)' o in 'D:\minimalcustom\bin\wxmsw29u_core.pdb'; oggetto collegato senza informazioni di debug
     1>wxmsw29u_core.lib(anybutton.obj) : warning LNK4099: impossibile trovare il PDB 'wxmsw29u_core.pdb' con 'wxmsw29u_core.lib(anybutton.obj)' o in 'D:\minimalcustom\bin\wxmsw29u_core.pdb'; oggetto collegato senza informazioni di debug
     1>wxmsw29u_core.lib(app.obj) : warning LNK4099: impossibile trovare il PDB 'wxmsw29u_core.pdb' con 'wxmsw29u_core.lib(app.obj)' o in 'D:\minimalcustom\bin\wxmsw29u_core.pdb'; oggetto collegato senza informazioni di debug
     1>wxmsw29u_core.lib(artmsw.obj) : warning LNK4099: impossibile trovare il PDB 'wxmsw29u_core.pdb' con 'wxmsw29u_core.lib(artmsw.obj)' o in 'D:\minimalcustom\bin\wxmsw29u_core.pdb'; oggetto collegato senza informazioni di debug
     1>wxmsw29u_core.lib(bitmap.obj) : warning LNK4099: impossibile trovare il PDB 'wxmsw29u_core.pdb' con 'wxmsw29u_core.lib(bitmap.obj)' o in 'D:\minimalcustom\bin\wxmsw29u_core.pdb'; oggetto collegato senza informazioni di debug
     1>wxmsw29u_core.lib(brush.obj) : warning LNK4099: impossibile trovare il PDB 'wxmsw29u_core.pdb' con 'wxmsw29u_core.lib(brush.obj)' o in 'D:\minimalcustom\bin\wxmsw29u_core.pdb'; oggetto collegato senza informazioni di debug
     1>wxmsw29u_core.lib(caret.obj) : warning LNK4099: impossibile trovare il PDB 'wxmsw29u_core.pdb' con 'wxmsw29u_core.lib(caret.obj)' o in 'D:\minimalcustom\bin\wxmsw29u_core.pdb'; oggetto collegato senza informazioni di debug
     1>wxmsw29u_core.lib(clipbrd.obj) : warning LNK4099: impossibile trovare il PDB 'wxmsw29u_core.pdb' con 'wxmsw29u_core.lib(clipbrd.obj)' o in 'D:\minimalcustom\bin\wxmsw29u_core.pdb'; oggetto collegato senza informazioni di debug
     1>wxmsw29u_core.lib(colordlg.obj) : warning LNK4099: impossibile trovare il PDB 'wxmsw29u_core.pdb' con 'wxmsw29u_core.lib(colordlg.obj)' o in 'D:\minimalcustom\bin\wxmsw29u_core.pdb'; oggetto collegato senza informazioni di debug
     1>wxmsw29u_core.lib(colour.obj) : warning LNK4099: impossibile trovare il PDB 'wxmsw29u_core.pdb' con 'wxmsw29u_core.lib(colour.obj)' o in 'D:\minimalcustom\bin\wxmsw29u_core.pdb'; oggetto collegato senza informazioni di debug
     1>wxmsw29u_core.lib(combo.obj) : warning LNK4099: impossibile trovare il PDB 'wxmsw29u_core.pdb' con 'wxmsw29u_core.lib(combo.obj)' o in 'D:\minimalcustom\bin\wxmsw29u_core.pdb'; oggetto collegato senza informazioni di debug
     1>wxmsw29u_core.lib(cursor.obj) : warning LNK4099: impossibile trovare il PDB 'wxmsw29u_core.pdb' con 'wxmsw29u_core.lib(cursor.obj)' o in 'D:\minimalcustom\bin\wxmsw29u_core.pdb'; oggetto collegato senza informazioni di debug
     1>wxmsw29u_core.lib(dataobj.obj) : warning LNK4099: impossibile trovare il PDB 'wxmsw29u_core.pdb' con 'wxmsw29u_core.lib(dataobj.obj)' o in 'D:\minimalcustom\bin\wxmsw29u_core.pdb'; oggetto collegato senza informazioni di debug
     1>wxmsw29u_core.lib(dc.obj) : warning LNK4099: impossibile trovare il PDB 'wxmsw29u_core.pdb' con 'wxmsw29u_core.lib(dc.obj)' o in 'D:\minimalcustom\bin\wxmsw29u_core.pdb'; oggetto collegato senza informazioni di debug
     1>wxmsw29u_core.lib(dcclient.obj) : warning LNK4099: impossibile trovare il PDB 'wxmsw29u_core.pdb' con 'wxmsw29u_core.lib(dcclient.obj)' o in 'D:\minimalcustom\bin\wxmsw29u_core.pdb'; oggetto collegato senza informazioni di debug
     1>wxmsw29u_core.lib(dcmemory.obj) : warning LNK4099: impossibile trovare il PDB 'wxmsw29u_core.pdb' con 'wxmsw29u_core.lib(dcmemory.obj)' o in 'D:\minimalcustom\bin\wxmsw29u_core.pdb'; oggetto collegato senza informazioni di debug
     1>wxmsw29u_core.lib(dcprint.obj) : warning LNK4099: impossibile trovare il PDB 'wxmsw29u_core.pdb' con 'wxmsw29u_core.lib(dcprint.obj)' o in 'D:\minimalcustom\bin\wxmsw29u_core.pdb'; oggetto collegato senza informazioni di debug
     1>wxmsw29u_core.lib(dcscreen.obj) : warning LNK4099: impossibile trovare il PDB 'wxmsw29u_core.pdb' con 'wxmsw29u_core.lib(dcscreen.obj)' o in 'D:\minimalcustom\bin\wxmsw29u_core.pdb'; oggetto collegato senza informazioni di debug
     1>wxmsw29u_core.lib(dib.obj) : warning LNK4099: impossibile trovare il PDB 'wxmsw29u_core.pdb' con 'wxmsw29u_core.lib(dib.obj)' o in 'D:\minimalcustom\bin\wxmsw29u_core.pdb'; oggetto collegato senza informazioni di debug
     1>wxmsw29u_core.lib(display.obj) : warning LNK4099: impossibile trovare il PDB 'wxmsw29u_core.pdb' con 'wxmsw29u_core.lib(display.obj)' o in 'D:\minimalcustom\bin\wxmsw29u_core.pdb'; oggetto collegato senza informazioni di debug
     1>wxmsw29u_core.lib(dragimag.obj) : warning LNK4099: impossibile trovare il PDB 'wxmsw29u_core.pdb' con 'wxmsw29u_core.lib(dragimag.obj)' o in 'D:\minimalcustom\bin\wxmsw29u_core.pdb'; oggetto collegato senza informazioni di debug
     1>wxmsw29u_core.lib(droptgt.obj) : warning LNK4099: impossibile trovare il PDB 'wxmsw29u_core.pdb' con 'wxmsw29u_core.lib(droptgt.obj)' o in 'D:\minimalcustom\bin\wxmsw29u_core.pdb'; oggetto collegato senza informazioni di debug
     1>wxmsw29u_core.lib(enhmeta.obj) : warning LNK4099: impossibile trovare il PDB 'wxmsw29u_core.pdb' con 'wxmsw29u_core.lib(enhmeta.obj)' o in 'D:\minimalcustom\bin\wxmsw29u_core.pdb'; oggetto collegato senza informazioni di debug
     1>wxmsw29u_core.lib(evtloop.obj) : warning LNK4099: impossibile trovare il PDB 'wxmsw29u_core.pdb' con 'wxmsw29u_core.lib(evtloop.obj)' o in 'D:\minimalcustom\bin\wxmsw29u_core.pdb'; oggetto collegato senza informazioni di debug
     1>wxmsw29u_core.lib(filedlg.obj) : warning LNK4099: impossibile trovare il PDB 'wxmsw29u_core.pdb' con 'wxmsw29u_core.lib(filedlg.obj)' o in 'D:\minimalcustom\bin\wxmsw29u_core.pdb'; oggetto collegato senza informazioni di debug
     1>wxmsw29u_core.lib(font.obj) : warning LNK4099: impossibile trovare il PDB 'wxmsw29u_core.pdb' con 'wxmsw29u_core.lib(font.obj)' o in 'D:\minimalcustom\bin\wxmsw29u_core.pdb'; oggetto collegato senza informazioni di debug
     1>wxmsw29u_core.lib(fontdlg.obj) : warning LNK4099: impossibile trovare il PDB 'wxmsw29u_core.pdb' con 'wxmsw29u_core.lib(fontdlg.obj)' o in 'D:\minimalcustom\bin\wxmsw29u_core.pdb'; oggetto collegato senza informazioni di debug
     1>wxmsw29u_core.lib(fontenum.obj) : warning LNK4099: impossibile trovare il PDB 'wxmsw29u_core.pdb' con 'wxmsw29u_core.lib(fontenum.obj)' o in 'D:\minimalcustom\bin\wxmsw29u_core.pdb'; oggetto collegato senza informazioni di debug
     1>wxmsw29u_core.lib(fontutil.obj) : warning LNK4099: impossibile trovare il PDB 'wxmsw29u_core.pdb' con 'wxmsw29u_core.lib(fontutil.obj)' o in 'D:\minimalcustom\bin\wxmsw29u_core.pdb'; oggetto collegato senza informazioni di debug
     1>wxmsw29u_core.lib(frame.obj) : warning LNK4099: impossibile trovare il PDB 'wxmsw29u_core.pdb' con 'wxmsw29u_core.lib(frame.obj)' o in 'D:\minimalcustom\bin\wxmsw29u_core.pdb'; oggetto collegato senza informazioni di debug
     1>wxmsw29u_core.lib(gdiimage.obj) : warning LNK4099: impossibile trovare il PDB 'wxmsw29u_core.pdb' con 'wxmsw29u_core.lib(gdiimage.obj)' o in 'D:\minimalcustom\bin\wxmsw29u_core.pdb'; oggetto collegato senza informazioni di debug
     1>wxmsw29u_core.lib(gdiplus.obj) : warning LNK4099: impossibile trovare il PDB 'wxmsw29u_core.pdb' con 'wxmsw29u_core.lib(gdiplus.obj)' o in 'D:\minimalcustom\bin\wxmsw29u_core.pdb'; oggetto collegato senza informazioni di debug
     1>wxmsw29u_core.lib(graphics.obj) : warning LNK4099: impossibile trovare il PDB 'wxmsw29u_core.pdb' con 'wxmsw29u_core.lib(graphics.obj)' o in 'D:\minimalcustom\bin\wxmsw29u_core.pdb'; oggetto collegato senza informazioni di debug
     1>wxmsw29u_core.lib(helpchm.obj) : warning LNK4099: impossibile trovare il PDB 'wxmsw29u_core.pdb' con 'wxmsw29u_core.lib(helpchm.obj)' o in 'D:\minimalcustom\bin\wxmsw29u_core.pdb'; oggetto collegato senza informazioni di debug
     1>wxmsw29u_core.lib(icon.obj) : warning LNK4099: impossibile trovare il PDB 'wxmsw29u_core.pdb' con 'wxmsw29u_core.lib(icon.obj)' o in 'D:\minimalcustom\bin\wxmsw29u_core.pdb'; oggetto collegato senza informazioni di debug
     1>wxmsw29u_core.lib(imaglist.obj) : warning LNK4099: impossibile trovare il PDB 'wxmsw29u_core.pdb' con 'wxmsw29u_core.lib(imaglist.obj)' o in 'D:\minimalcustom\bin\wxmsw29u_core.pdb'; oggetto collegato senza informazioni di debug
     1>wxmsw29u_core.lib(main.obj) : warning LNK4099: impossibile trovare il PDB 'wxmsw29u_core.pdb' con 'wxmsw29u_core.lib(main.obj)' o in 'D:\minimalcustom\bin\wxmsw29u_core.pdb'; oggetto collegato senza informazioni di debug
     1>wxmsw29u_core.lib(menuitem.obj) : warning LNK4099: impossibile trovare il PDB 'wxmsw29u_core.pdb' con 'wxmsw29u_core.lib(menuitem.obj)' o in 'D:\minimalcustom\bin\wxmsw29u_core.pdb'; oggetto collegato senza informazioni di debug
     1>wxmsw29u_core.lib(msgdlg.obj) : warning LNK4099: impossibile trovare il PDB 'wxmsw29u_core.pdb' con 'wxmsw29u_core.lib(msgdlg.obj)' o in 'D:\minimalcustom\bin\wxmsw29u_core.pdb'; oggetto collegato senza informazioni di debug
     1>wxmsw29u_core.lib(nativdlg.obj) : warning LNK4099: impossibile trovare il PDB 'wxmsw29u_core.pdb' con 'wxmsw29u_core.lib(nativdlg.obj)' o in 'D:\minimalcustom\bin\wxmsw29u_core.pdb'; oggetto collegato senza informazioni di debug
     1>wxmsw29u_core.lib(nonownedwnd.obj) : warning LNK4099: impossibile trovare il PDB 'wxmsw29u_core.pdb' con 'wxmsw29u_core.lib(nonownedwnd.obj)' o in 'D:\minimalcustom\bin\wxmsw29u_core.pdb'; oggetto collegato senza informazioni di debug
     1>wxmsw29u_core.lib(oleutils.obj) : warning LNK4099: impossibile trovare il PDB 'wxmsw29u_core.pdb' con 'wxmsw29u_core.lib(oleutils.obj)' o in 'D:\minimalcustom\bin\wxmsw29u_core.pdb'; oggetto collegato senza informazioni di debug
     1>wxmsw29u_core.lib(ownerdrw.obj) : warning LNK4099: impossibile trovare il PDB 'wxmsw29u_core.pdb' con 'wxmsw29u_core.lib(ownerdrw.obj)' o in 'D:\minimalcustom\bin\wxmsw29u_core.pdb'; oggetto collegato senza informazioni di debug
     1>wxmsw29u_core.lib(palette.obj) : warning LNK4099: impossibile trovare il PDB 'wxmsw29u_core.pdb' con 'wxmsw29u_core.lib(palette.obj)' o in 'D:\minimalcustom\bin\wxmsw29u_core.pdb'; oggetto collegato senza informazioni di debug
     1>wxmsw29u_core.lib(panel.obj) : warning LNK4099: impossibile trovare il PDB 'wxmsw29u_core.pdb' con 'wxmsw29u_core.lib(panel.obj)' o in 'D:\minimalcustom\bin\wxmsw29u_core.pdb'; oggetto collegato senza informazioni di debug
     1>wxmsw29u_core.lib(pen.obj) : warning LNK4099: impossibile trovare il PDB 'wxmsw29u_core.pdb' con 'wxmsw29u_core.lib(pen.obj)' o in 'D:\minimalcustom\bin\wxmsw29u_core.pdb'; oggetto collegato senza informazioni di debug
     1>wxmsw29u_core.lib(popupwin.obj) : warning LNK4099: impossibile trovare il PDB 'wxmsw29u_core.pdb' con 'wxmsw29u_core.lib(popupwin.obj)' o in 'D:\minimalcustom\bin\wxmsw29u_core.pdb'; oggetto collegato senza informazioni di debug
     1>wxmsw29u_core.lib(printdlg.obj) : warning LNK4099: impossibile trovare il PDB 'wxmsw29u_core.pdb' con 'wxmsw29u_core.lib(printdlg.obj)' o in 'D:\minimalcustom\bin\wxmsw29u_core.pdb'; oggetto collegato senza informazioni di debug
     1>wxmsw29u_core.lib(printwin.obj) : warning LNK4099: impossibile trovare il PDB 'wxmsw29u_core.pdb' con 'wxmsw29u_core.lib(printwin.obj)' o in 'D:\minimalcustom\bin\wxmsw29u_core.pdb'; oggetto collegato senza informazioni di debug
     1>wxmsw29u_core.lib(region.obj) : warning LNK4099: impossibile trovare il PDB 'wxmsw29u_core.pdb' con 'wxmsw29u_core.lib(region.obj)' o in 'D:\minimalcustom\bin\wxmsw29u_core.pdb'; oggetto collegato senza informazioni di debug
     1>wxmsw29u_core.lib(renderer.obj) : warning LNK4099: impossibile trovare il PDB 'wxmsw29u_core.pdb' con 'wxmsw29u_core.lib(renderer.obj)' o in 'D:\minimalcustom\bin\wxmsw29u_core.pdb'; oggetto collegato senza informazioni di debug
     1>wxmsw29u_core.lib(settings.obj) : warning LNK4099: impossibile trovare il PDB 'wxmsw29u_core.pdb' con 'wxmsw29u_core.lib(settings.obj)' o in 'D:\minimalcustom\bin\wxmsw29u_core.pdb'; oggetto collegato senza informazioni di debug
     1>wxmsw29u_core.lib(spinctrl.obj) : warning LNK4099: impossibile trovare il PDB 'wxmsw29u_core.pdb' con 'wxmsw29u_core.lib(spinctrl.obj)' o in 'D:\minimalcustom\bin\wxmsw29u_core.pdb'; oggetto collegato senza informazioni di debug
     1>wxmsw29u_core.lib(statusbar.obj) : warning LNK4099: impossibile trovare il PDB 'wxmsw29u_core.pdb' con 'wxmsw29u_core.lib(statusbar.obj)' o in 'D:\minimalcustom\bin\wxmsw29u_core.pdb'; oggetto collegato senza informazioni di debug
     1>wxmsw29u_core.lib(textentry.obj) : warning LNK4099: impossibile trovare il PDB 'wxmsw29u_core.pdb' con 'wxmsw29u_core.lib(textentry.obj)' o in 'D:\minimalcustom\bin\wxmsw29u_core.pdb'; oggetto collegato senza informazioni di debug
     1>wxmsw29u_core.lib(tooltip.obj) : warning LNK4099: impossibile trovare il PDB 'wxmsw29u_core.pdb' con 'wxmsw29u_core.lib(tooltip.obj)' o in 'D:\minimalcustom\bin\wxmsw29u_core.pdb'; oggetto collegato senza informazioni di debug
     1>wxmsw29u_core.lib(toplevel.obj) : warning LNK4099: impossibile trovare il PDB 'wxmsw29u_core.pdb' con 'wxmsw29u_core.lib(toplevel.obj)' o in 'D:\minimalcustom\bin\wxmsw29u_core.pdb'; oggetto collegato senza informazioni di debug
     1>wxmsw29u_core.lib(treectrl.obj) : warning LNK4099: impossibile trovare il PDB 'wxmsw29u_core.pdb' con 'wxmsw29u_core.lib(treectrl.obj)' o in 'D:\minimalcustom\bin\wxmsw29u_core.pdb'; oggetto collegato senza informazioni di debug
     1>wxmsw29u_core.lib(utilsgui.obj) : warning LNK4099: impossibile trovare il PDB 'wxmsw29u_core.pdb' con 'wxmsw29u_core.lib(utilsgui.obj)' o in 'D:\minimalcustom\bin\wxmsw29u_core.pdb'; oggetto collegato senza informazioni di debug
     1>wxmsw29u_core.lib(uuid.obj) : warning LNK4099: impossibile trovare il PDB 'wxmsw29u_core.pdb' con 'wxmsw29u_core.lib(uuid.obj)' o in 'D:\minimalcustom\bin\wxmsw29u_core.pdb'; oggetto collegato senza informazioni di debug
     1>wxmsw29u_core.lib(uxtheme.obj) : warning LNK4099: impossibile trovare il PDB 'wxmsw29u_core.pdb' con 'wxmsw29u_core.lib(uxtheme.obj)' o in 'D:\minimalcustom\bin\wxmsw29u_core.pdb'; oggetto collegato senza informazioni di debug
     1>wxmsw29u_core.lib(window.obj) : warning LNK4099: impossibile trovare il PDB 'wxmsw29u_core.pdb' con 'wxmsw29u_core.lib(window.obj)' o in 'D:\minimalcustom\bin\wxmsw29u_core.pdb'; oggetto collegato senza informazioni di debug
     1>wxmsw29u_core.lib(choicbkg.obj) : warning LNK4099: impossibile trovare il PDB 'wxmsw29u_core.pdb' con 'wxmsw29u_core.lib(choicbkg.obj)' o in 'D:\minimalcustom\bin\wxmsw29u_core.pdb'; oggetto collegato senza informazioni di debug
     1>wxmsw29u_core.lib(choicdgg.obj) : warning LNK4099: impossibile trovare il PDB 'wxmsw29u_core.pdb' con 'wxmsw29u_core.lib(choicdgg.obj)' o in 'D:\minimalcustom\bin\wxmsw29u_core.pdb'; oggetto collegato senza informazioni di debug
     1>wxmsw29u_core.lib(collpaneg.obj) : warning LNK4099: impossibile trovare il PDB 'wxmsw29u_core.pdb' con 'wxmsw29u_core.lib(collpaneg.obj)' o in 'D:\minimalcustom\bin\wxmsw29u_core.pdb'; oggetto collegato senza informazioni di debug
     1>wxmsw29u_core.lib(listbkg.obj) : warning LNK4099: impossibile trovare il PDB 'wxmsw29u_core.pdb' con 'wxmsw29u_core.lib(listbkg.obj)' o in 'D:\minimalcustom\bin\wxmsw29u_core.pdb'; oggetto collegato senza informazioni di debug
     1>wxmsw29u_core.lib(logg.obj) : warning LNK4099: impossibile trovare il PDB 'wxmsw29u_core.pdb' con 'wxmsw29u_core.lib(logg.obj)' o in 'D:\minimalcustom\bin\wxmsw29u_core.pdb'; oggetto collegato senza informazioni di debug
     1>wxmsw29u_core.lib(markuptext.obj) : warning LNK4099: impossibile trovare il PDB 'wxmsw29u_core.pdb' con 'wxmsw29u_core.lib(markuptext.obj)' o in 'D:\minimalcustom\bin\wxmsw29u_core.pdb'; oggetto collegato senza informazioni di debug
     1>wxmsw29u_core.lib(renderg.obj) : warning LNK4099: impossibile trovare il PDB 'wxmsw29u_core.pdb' con 'wxmsw29u_core.lib(renderg.obj)' o in 'D:\minimalcustom\bin\wxmsw29u_core.pdb'; oggetto collegato senza informazioni di debug
     1>wxmsw29u_core.lib(scrlwing.obj) : warning LNK4099: impossibile trovare il PDB 'wxmsw29u_core.pdb' con 'wxmsw29u_core.lib(scrlwing.obj)' o in 'D:\minimalcustom\bin\wxmsw29u_core.pdb'; oggetto collegato senza informazioni di debug
     1>wxmsw29u_core.lib(selstore.obj) : warning LNK4099: impossibile trovare il PDB 'wxmsw29u_core.pdb' con 'wxmsw29u_core.lib(selstore.obj)' o in 'D:\minimalcustom\bin\wxmsw29u_core.pdb'; oggetto collegato senza informazioni di debug
     1>wxmsw29u_core.lib(textdlgg.obj) : warning LNK4099: impossibile trovare il PDB 'wxmsw29u_core.pdb' con 'wxmsw29u_core.lib(textdlgg.obj)' o in 'D:\minimalcustom\bin\wxmsw29u_core.pdb'; oggetto collegato senza informazioni di debug
     1>wxmsw29u_core.lib(tipwin.obj) : warning LNK4099: impossibile trovare il PDB 'wxmsw29u_core.pdb' con 'wxmsw29u_core.lib(tipwin.obj)' o in 'D:\minimalcustom\bin\wxmsw29u_core.pdb'; oggetto collegato senza informazioni di debug
     1>wxmsw29u_core.lib(toolbkg.obj) : warning LNK4099: impossibile trovare il PDB 'wxmsw29u_core.pdb' con 'wxmsw29u_core.lib(toolbkg.obj)' o in 'D:\minimalcustom\bin\wxmsw29u_core.pdb'; oggetto collegato senza informazioni di debug
     1>wxmsw29u_core.lib(treebkg.obj) : warning LNK4099: impossibile trovare il PDB 'wxmsw29u_core.pdb' con 'wxmsw29u_core.lib(treebkg.obj)' o in 'D:\minimalcustom\bin\wxmsw29u_core.pdb'; oggetto collegato senza informazioni di debug
     1>wxmsw29u_core.lib(vlbox.obj) : warning LNK4099: impossibile trovare il PDB 'wxmsw29u_core.pdb' con 'wxmsw29u_core.lib(vlbox.obj)' o in 'D:\minimalcustom\bin\wxmsw29u_core.pdb'; oggetto collegato senza informazioni di debug
     1>wxmsw29u_core.lib(vscroll.obj) : warning LNK4099: impossibile trovare il PDB 'wxmsw29u_core.pdb' con 'wxmsw29u_core.lib(vscroll.obj)' o in 'D:\minimalcustom\bin\wxmsw29u_core.pdb'; oggetto collegato senza informazioni di debug
     1>wxmsw29u_core.lib(msw_accel.obj) : warning LNK4099: impossibile trovare il PDB 'wxmsw29u_core.pdb' con 'wxmsw29u_core.lib(msw_accel.obj)' o in 'D:\minimalcustom\bin\wxmsw29u_core.pdb'; oggetto collegato senza informazioni di debug
     1>wxmsw29u_core.lib(msw_bmpbuttn.obj) : warning LNK4099: impossibile trovare il PDB 'wxmsw29u_core.pdb' con 'wxmsw29u_core.lib(msw_bmpbuttn.obj)' o in 'D:\minimalcustom\bin\wxmsw29u_core.pdb'; oggetto collegato senza informazioni di debug
     1>wxmsw29u_core.lib(msw_button.obj) : warning LNK4099: impossibile trovare il PDB 'wxmsw29u_core.pdb' con 'wxmsw29u_core.lib(msw_button.obj)' o in 'D:\minimalcustom\bin\wxmsw29u_core.pdb'; oggetto collegato senza informazioni di debug
     1>wxmsw29u_core.lib(msw_checkbox.obj) : warning LNK4099: impossibile trovare il PDB 'wxmsw29u_core.pdb' con 'wxmsw29u_core.lib(msw_checkbox.obj)' o in 'D:\minimalcustom\bin\wxmsw29u_core.pdb'; oggetto collegato senza informazioni di debug
     1>wxmsw29u_core.lib(msw_checklst.obj) : warning LNK4099: impossibile trovare il PDB 'wxmsw29u_core.pdb' con 'wxmsw29u_core.lib(msw_checklst.obj)' o in 'D:\minimalcustom\bin\wxmsw29u_core.pdb'; oggetto collegato senza informazioni di debug
     1>wxmsw29u_core.lib(msw_choice.obj) : warning LNK4099: impossibile trovare il PDB 'wxmsw29u_core.pdb' con 'wxmsw29u_core.lib(msw_choice.obj)' o in 'D:\minimalcustom\bin\wxmsw29u_core.pdb'; oggetto collegato senza informazioni di debug
     1>wxmsw29u_core.lib(msw_combobox.obj) : warning LNK4099: impossibile trovare il PDB 'wxmsw29u_core.pdb' con 'wxmsw29u_core.lib(msw_combobox.obj)' o in 'D:\minimalcustom\bin\wxmsw29u_core.pdb'; oggetto collegato senza informazioni di debug
     1>wxmsw29u_core.lib(msw_control.obj) : warning LNK4099: impossibile trovare il PDB 'wxmsw29u_core.pdb' con 'wxmsw29u_core.lib(msw_control.obj)' o in 'D:\minimalcustom\bin\wxmsw29u_core.pdb'; oggetto collegato senza informazioni di debug
     1>wxmsw29u_core.lib(msw_dialog.obj) : warning LNK4099: impossibile trovare il PDB 'wxmsw29u_core.pdb' con 'wxmsw29u_core.lib(msw_dialog.obj)' o in 'D:\minimalcustom\bin\wxmsw29u_core.pdb'; oggetto collegato senza informazioni di debug
     1>wxmsw29u_core.lib(msw_listbox.obj) : warning LNK4099: impossibile trovare il PDB 'wxmsw29u_core.pdb' con 'wxmsw29u_core.lib(msw_listbox.obj)' o in 'D:\minimalcustom\bin\wxmsw29u_core.pdb'; oggetto collegato senza informazioni di debug
     1>wxmsw29u_core.lib(msw_listctrl.obj) : warning LNK4099: impossibile trovare il PDB 'wxmsw29u_core.pdb' con 'wxmsw29u_core.lib(msw_listctrl.obj)' o in 'D:\minimalcustom\bin\wxmsw29u_core.pdb'; oggetto collegato senza informazioni di debug
     1>wxmsw29u_core.lib(msw_menu.obj) : warning LNK4099: impossibile trovare il PDB 'wxmsw29u_core.pdb' con 'wxmsw29u_core.lib(msw_menu.obj)' o in 'D:\minimalcustom\bin\wxmsw29u_core.pdb'; oggetto collegato senza informazioni di debug
     1>wxmsw29u_core.lib(msw_notebook.obj) : warning LNK4099: impossibile trovare il PDB 'wxmsw29u_core.pdb' con 'wxmsw29u_core.lib(msw_notebook.obj)' o in 'D:\minimalcustom\bin\wxmsw29u_core.pdb'; oggetto collegato senza informazioni di debug
     1>wxmsw29u_core.lib(msw_radiobox.obj) : warning LNK4099: impossibile trovare il PDB 'wxmsw29u_core.pdb' con 'wxmsw29u_core.lib(msw_radiobox.obj)' o in 'D:\minimalcustom\bin\wxmsw29u_core.pdb'; oggetto collegato senza informazioni di debug
     1>wxmsw29u_core.lib(msw_radiobut.obj) : warning LNK4099: impossibile trovare il PDB 'wxmsw29u_core.pdb' con 'wxmsw29u_core.lib(msw_radiobut.obj)' o in 'D:\minimalcustom\bin\wxmsw29u_core.pdb'; oggetto collegato senza informazioni di debug
     1>wxmsw29u_core.lib(msw_scrolbar.obj) : warning LNK4099: impossibile trovare il PDB 'wxmsw29u_core.pdb' con 'wxmsw29u_core.lib(msw_scrolbar.obj)' o in 'D:\minimalcustom\bin\wxmsw29u_core.pdb'; oggetto collegato senza informazioni di debug
     1>wxmsw29u_core.lib(msw_slider.obj) : warning LNK4099: impossibile trovare il PDB 'wxmsw29u_core.pdb' con 'wxmsw29u_core.lib(msw_slider.obj)' o in 'D:\minimalcustom\bin\wxmsw29u_core.pdb'; oggetto collegato senza informazioni di debug
     1>wxmsw29u_core.lib(msw_spinbutt.obj) : warning LNK4099: impossibile trovare il PDB 'wxmsw29u_core.pdb' con 'wxmsw29u_core.lib(msw_spinbutt.obj)' o in 'D:\minimalcustom\bin\wxmsw29u_core.pdb'; oggetto collegato senza informazioni di debug
     1>wxmsw29u_core.lib(msw_statbmp.obj) : warning LNK4099: impossibile trovare il PDB 'wxmsw29u_core.pdb' con 'wxmsw29u_core.lib(msw_statbmp.obj)' o in 'D:\minimalcustom\bin\wxmsw29u_core.pdb'; oggetto collegato senza informazioni di debug
     1>wxmsw29u_core.lib(msw_statbox.obj) : warning LNK4099: impossibile trovare il PDB 'wxmsw29u_core.pdb' con 'wxmsw29u_core.lib(msw_statbox.obj)' o in 'D:\minimalcustom\bin\wxmsw29u_core.pdb'; oggetto collegato senza informazioni di debug
     1>wxmsw29u_core.lib(msw_statline.obj) : warning LNK4099: impossibile trovare il PDB 'wxmsw29u_core.pdb' con 'wxmsw29u_core.lib(msw_statline.obj)' o in 'D:\minimalcustom\bin\wxmsw29u_core.pdb'; oggetto collegato senza informazioni di debug
     1>wxmsw29u_core.lib(msw_stattext.obj) : warning LNK4099: impossibile trovare il PDB 'wxmsw29u_core.pdb' con 'wxmsw29u_core.lib(msw_stattext.obj)' o in 'D:\minimalcustom\bin\wxmsw29u_core.pdb'; oggetto collegato senza informazioni di debug
     1>wxmsw29u_core.lib(msw_textctrl.obj) : warning LNK4099: impossibile trovare il PDB 'wxmsw29u_core.pdb' con 'wxmsw29u_core.lib(msw_textctrl.obj)' o in 'D:\minimalcustom\bin\wxmsw29u_core.pdb'; oggetto collegato senza informazioni di debug
     1>wxmsw29u_core.lib(msw_toolbar.obj) : warning LNK4099: impossibile trovare il PDB 'wxmsw29u_core.pdb' con 'wxmsw29u_core.lib(msw_toolbar.obj)' o in 'D:\minimalcustom\bin\wxmsw29u_core.pdb'; oggetto collegato senza informazioni di debug
     1>wxmsw29u_core.lib(generic_statusbr.obj) : warning LNK4099: impossibile trovare il PDB 'wxmsw29u_core.pdb' con 'wxmsw29u_core.lib(generic_statusbr.obj)' o in 'D:\minimalcustom\bin\wxmsw29u_core.pdb'; oggetto collegato senza informazioni di debug
     1>wxbase29u.lib(any.obj) : warning LNK4099: impossibile trovare il PDB 'wxbase29u.pdb' con 'wxbase29u.lib(any.obj)' o in 'D:\minimalcustom\bin\wxbase29u.pdb'; oggetto collegato senza informazioni di debug
     1>wxbase29u.lib(appbase.obj) : warning LNK4099: impossibile trovare il PDB 'wxbase29u.pdb' con 'wxbase29u.lib(appbase.obj)' o in 'D:\minimalcustom\bin\wxbase29u.pdb'; oggetto collegato senza informazioni di debug
     1>wxbase29u.lib(arrstr.obj) : warning LNK4099: impossibile trovare il PDB 'wxbase29u.pdb' con 'wxbase29u.lib(arrstr.obj)' o in 'D:\minimalcustom\bin\wxbase29u.pdb'; oggetto collegato senza informazioni di debug
     1>wxbase29u.lib(base64.obj) : warning LNK4099: impossibile trovare il PDB 'wxbase29u.pdb' con 'wxbase29u.lib(base64.obj)' o in 'D:\minimalcustom\bin\wxbase29u.pdb'; oggetto collegato senza informazioni di debug
     1>wxbase29u.lib(clntdata.obj) : warning LNK4099: impossibile trovare il PDB 'wxbase29u.pdb' con 'wxbase29u.lib(clntdata.obj)' o in 'D:\minimalcustom\bin\wxbase29u.pdb'; oggetto collegato senza informazioni di debug
     1>wxbase29u.lib(cmdline.obj) : warning LNK4099: impossibile trovare il PDB 'wxbase29u.pdb' con 'wxbase29u.lib(cmdline.obj)' o in 'D:\minimalcustom\bin\wxbase29u.pdb'; oggetto collegato senza informazioni di debug
     1>wxbase29u.lib(config.obj) : warning LNK4099: impossibile trovare il PDB 'wxbase29u.pdb' con 'wxbase29u.lib(config.obj)' o in 'D:\minimalcustom\bin\wxbase29u.pdb'; oggetto collegato senza informazioni di debug
     1>wxbase29u.lib(convauto.obj) : warning LNK4099: impossibile trovare il PDB 'wxbase29u.pdb' con 'wxbase29u.lib(convauto.obj)' o in 'D:\minimalcustom\bin\wxbase29u.pdb'; oggetto collegato senza informazioni di debug
     1>wxbase29u.lib(datetime.obj) : warning LNK4099: impossibile trovare il PDB 'wxbase29u.pdb' con 'wxbase29u.lib(datetime.obj)' o in 'D:\minimalcustom\bin\wxbase29u.pdb'; oggetto collegato senza informazioni di debug
     1>wxbase29u.lib(datetimefmt.obj) : warning LNK4099: impossibile trovare il PDB 'wxbase29u.pdb' con 'wxbase29u.lib(datetimefmt.obj)' o in 'D:\minimalcustom\bin\wxbase29u.pdb'; oggetto collegato senza informazioni di debug
     1>wxbase29u.lib(datstrm.obj) : warning LNK4099: impossibile trovare il PDB 'wxbase29u.pdb' con 'wxbase29u.lib(datstrm.obj)' o in 'D:\minimalcustom\bin\wxbase29u.pdb'; oggetto collegato senza informazioni di debug
     1>wxbase29u.lib(dummy.obj) : warning LNK4099: impossibile trovare il PDB 'wxbase29u.pdb' con 'wxbase29u.lib(dummy.obj)' o in 'D:\minimalcustom\bin\wxbase29u.pdb'; oggetto collegato senza informazioni di debug
     1>wxbase29u.lib(dynarray.obj) : warning LNK4099: impossibile trovare il PDB 'wxbase29u.pdb' con 'wxbase29u.lib(dynarray.obj)' o in 'D:\minimalcustom\bin\wxbase29u.pdb'; oggetto collegato senza informazioni di debug
     1>wxbase29u.lib(dynlib.obj) : warning LNK4099: impossibile trovare il PDB 'wxbase29u.pdb' con 'wxbase29u.lib(dynlib.obj)' o in 'D:\minimalcustom\bin\wxbase29u.pdb'; oggetto collegato senza informazioni di debug
     1>wxbase29u.lib(encconv.obj) : warning LNK4099: impossibile trovare il PDB 'wxbase29u.pdb' con 'wxbase29u.lib(encconv.obj)' o in 'D:\minimalcustom\bin\wxbase29u.pdb'; oggetto collegato senza informazioni di debug
     1>wxbase29u.lib(event.obj) : warning LNK4099: impossibile trovare il PDB 'wxbase29u.pdb' con 'wxbase29u.lib(event.obj)' o in 'D:\minimalcustom\bin\wxbase29u.pdb'; oggetto collegato senza informazioni di debug
     1>wxbase29u.lib(evtloopcmn.obj) : warning LNK4099: impossibile trovare il PDB 'wxbase29u.pdb' con 'wxbase29u.lib(evtloopcmn.obj)' o in 'D:\minimalcustom\bin\wxbase29u.pdb'; oggetto collegato senza informazioni di debug
     1>wxbase29u.lib(extended.obj) : warning LNK4099: impossibile trovare il PDB 'wxbase29u.pdb' con 'wxbase29u.lib(extended.obj)' o in 'D:\minimalcustom\bin\wxbase29u.pdb'; oggetto collegato senza informazioni di debug
     1>wxbase29u.lib(ffile.obj) : warning LNK4099: impossibile trovare il PDB 'wxbase29u.pdb' con 'wxbase29u.lib(ffile.obj)' o in 'D:\minimalcustom\bin\wxbase29u.pdb'; oggetto collegato senza informazioni di debug
     1>wxbase29u.lib(file.obj) : warning LNK4099: impossibile trovare il PDB 'wxbase29u.pdb' con 'wxbase29u.lib(file.obj)' o in 'D:\minimalcustom\bin\wxbase29u.pdb'; oggetto collegato senza informazioni di debug
     1>wxbase29u.lib(fileback.obj) : warning LNK4099: impossibile trovare il PDB 'wxbase29u.pdb' con 'wxbase29u.lib(fileback.obj)' o in 'D:\minimalcustom\bin\wxbase29u.pdb'; oggetto collegato senza informazioni di debug
     1>wxbase29u.lib(fileconf.obj) : warning LNK4099: impossibile trovare il PDB 'wxbase29u.pdb' con 'wxbase29u.lib(fileconf.obj)' o in 'D:\minimalcustom\bin\wxbase29u.pdb'; oggetto collegato senza informazioni di debug
     1>wxbase29u.lib(filefn.obj) : warning LNK4099: impossibile trovare il PDB 'wxbase29u.pdb' con 'wxbase29u.lib(filefn.obj)' o in 'D:\minimalcustom\bin\wxbase29u.pdb'; oggetto collegato senza informazioni di debug
     1>wxbase29u.lib(filename.obj) : warning LNK4099: impossibile trovare il PDB 'wxbase29u.pdb' con 'wxbase29u.lib(filename.obj)' o in 'D:\minimalcustom\bin\wxbase29u.pdb'; oggetto collegato senza informazioni di debug
     1>wxbase29u.lib(filesys.obj) : warning LNK4099: impossibile trovare il PDB 'wxbase29u.pdb' con 'wxbase29u.lib(filesys.obj)' o in 'D:\minimalcustom\bin\wxbase29u.pdb'; oggetto collegato senza informazioni di debug
     1>wxbase29u.lib(fmapbase.obj) : warning LNK4099: impossibile trovare il PDB 'wxbase29u.pdb' con 'wxbase29u.lib(fmapbase.obj)' o in 'D:\minimalcustom\bin\wxbase29u.pdb'; oggetto collegato senza informazioni di debug
     1>wxbase29u.lib(hash.obj) : warning LNK4099: impossibile trovare il PDB 'wxbase29u.pdb' con 'wxbase29u.lib(hash.obj)' o in 'D:\minimalcustom\bin\wxbase29u.pdb'; oggetto collegato senza informazioni di debug
     1>wxbase29u.lib(hashmap.obj) : warning LNK4099: impossibile trovare il PDB 'wxbase29u.pdb' con 'wxbase29u.lib(hashmap.obj)' o in 'D:\minimalcustom\bin\wxbase29u.pdb'; oggetto collegato senza informazioni di debug
     1>wxbase29u.lib(init.obj) : warning LNK4099: impossibile trovare il PDB 'wxbase29u.pdb' con 'wxbase29u.lib(init.obj)' o in 'D:\minimalcustom\bin\wxbase29u.pdb'; oggetto collegato senza informazioni di debug
     1>wxbase29u.lib(intl.obj) : warning LNK4099: impossibile trovare il PDB 'wxbase29u.pdb' con 'wxbase29u.lib(intl.obj)' o in 'D:\minimalcustom\bin\wxbase29u.pdb'; oggetto collegato senza informazioni di debug
     1>wxbase29u.lib(ipcbase.obj) : warning LNK4099: impossibile trovare il PDB 'wxbase29u.pdb' con 'wxbase29u.lib(ipcbase.obj)' o in 'D:\minimalcustom\bin\wxbase29u.pdb'; oggetto collegato senza informazioni di debug
     1>wxbase29u.lib(languageinfo.obj) : warning LNK4099: impossibile trovare il PDB 'wxbase29u.pdb' con 'wxbase29u.lib(languageinfo.obj)' o in 'D:\minimalcustom\bin\wxbase29u.pdb'; oggetto collegato senza informazioni di debug
     1>wxbase29u.lib(list.obj) : warning LNK4099: impossibile trovare il PDB 'wxbase29u.pdb' con 'wxbase29u.lib(list.obj)' o in 'D:\minimalcustom\bin\wxbase29u.pdb'; oggetto collegato senza informazioni di debug
     1>wxbase29u.lib(log.obj) : warning LNK4099: impossibile trovare il PDB 'wxbase29u.pdb' con 'wxbase29u.lib(log.obj)' o in 'D:\minimalcustom\bin\wxbase29u.pdb'; oggetto collegato senza informazioni di debug
     1>wxbase29u.lib(longlong.obj) : warning LNK4099: impossibile trovare il PDB 'wxbase29u.pdb' con 'wxbase29u.lib(longlong.obj)' o in 'D:\minimalcustom\bin\wxbase29u.pdb'; oggetto collegato senza informazioni di debug
     1>wxbase29u.lib(mimecmn.obj) : warning LNK4099: impossibile trovare il PDB 'wxbase29u.pdb' con 'wxbase29u.lib(mimecmn.obj)' o in 'D:\minimalcustom\bin\wxbase29u.pdb'; oggetto collegato senza informazioni di debug
     1>wxbase29u.lib(module.obj) : warning LNK4099: impossibile trovare il PDB 'wxbase29u.pdb' con 'wxbase29u.lib(module.obj)' o in 'D:\minimalcustom\bin\wxbase29u.pdb'; oggetto collegato senza informazioni di debug
     1>wxbase29u.lib(msgout.obj) : warning LNK4099: impossibile trovare il PDB 'wxbase29u.pdb' con 'wxbase29u.lib(msgout.obj)' o in 'D:\minimalcustom\bin\wxbase29u.pdb'; oggetto collegato senza informazioni di debug
     1>wxbase29u.lib(mstream.obj) : warning LNK4099: impossibile trovare il PDB 'wxbase29u.pdb' con 'wxbase29u.lib(mstream.obj)' o in 'D:\minimalcustom\bin\wxbase29u.pdb'; oggetto collegato senza informazioni di debug
     1>wxbase29u.lib(object.obj) : warning LNK4099: impossibile trovare il PDB 'wxbase29u.pdb' con 'wxbase29u.lib(object.obj)' o in 'D:\minimalcustom\bin\wxbase29u.pdb'; oggetto collegato senza informazioni di debug
     1>wxbase29u.lib(platinfo.obj) : warning LNK4099: impossibile trovare il PDB 'wxbase29u.pdb' con 'wxbase29u.lib(platinfo.obj)' o in 'D:\minimalcustom\bin\wxbase29u.pdb'; oggetto collegato senza informazioni di debug
     1>wxbase29u.lib(powercmn.obj) : warning LNK4099: impossibile trovare il PDB 'wxbase29u.pdb' con 'wxbase29u.lib(powercmn.obj)' o in 'D:\minimalcustom\bin\wxbase29u.pdb'; oggetto collegato senza informazioni di debug
     1>wxbase29u.lib(process.obj) : warning LNK4099: impossibile trovare il PDB 'wxbase29u.pdb' con 'wxbase29u.lib(process.obj)' o in 'D:\minimalcustom\bin\wxbase29u.pdb'; oggetto collegato senza informazioni di debug
     1>wxbase29u.lib(sstream.obj) : warning LNK4099: impossibile trovare il PDB 'wxbase29u.pdb' con 'wxbase29u.lib(sstream.obj)' o in 'D:\minimalcustom\bin\wxbase29u.pdb'; oggetto collegato senza informazioni di debug
     1>wxbase29u.lib(stdpbase.obj) : warning LNK4099: impossibile trovare il PDB 'wxbase29u.pdb' con 'wxbase29u.lib(stdpbase.obj)' o in 'D:\minimalcustom\bin\wxbase29u.pdb'; oggetto collegato senza informazioni di debug
     1>wxbase29u.lib(stopwatch.obj) : warning LNK4099: impossibile trovare il PDB 'wxbase29u.pdb' con 'wxbase29u.lib(stopwatch.obj)' o in 'D:\minimalcustom\bin\wxbase29u.pdb'; oggetto collegato senza informazioni di debug
     1>wxbase29u.lib(strconv.obj) : warning LNK4099: impossibile trovare il PDB 'wxbase29u.pdb' con 'wxbase29u.lib(strconv.obj)' o in 'D:\minimalcustom\bin\wxbase29u.pdb'; oggetto collegato senza informazioni di debug
     1>wxbase29u.lib(stream.obj) : warning LNK4099: impossibile trovare il PDB 'wxbase29u.pdb' con 'wxbase29u.lib(stream.obj)' o in 'D:\minimalcustom\bin\wxbase29u.pdb'; oggetto collegato senza informazioni di debug
     1>wxbase29u.lib(string.obj) : warning LNK4099: impossibile trovare il PDB 'wxbase29u.pdb' con 'wxbase29u.lib(string.obj)' o in 'D:\minimalcustom\bin\wxbase29u.pdb'; oggetto collegato senza informazioni di debug
     1>wxbase29u.lib(stringimpl.obj) : warning LNK4099: impossibile trovare il PDB 'wxbase29u.pdb' con 'wxbase29u.lib(stringimpl.obj)' o in 'D:\minimalcustom\bin\wxbase29u.pdb'; oggetto collegato senza informazioni di debug
     1>wxbase29u.lib(strvararg.obj) : warning LNK4099: impossibile trovare il PDB 'wxbase29u.pdb' con 'wxbase29u.lib(strvararg.obj)' o in 'D:\minimalcustom\bin\wxbase29u.pdb'; oggetto collegato senza informazioni di debug
     1>wxbase29u.lib(sysopt.obj) : warning LNK4099: impossibile trovare il PDB 'wxbase29u.pdb' con 'wxbase29u.lib(sysopt.obj)' o in 'D:\minimalcustom\bin\wxbase29u.pdb'; oggetto collegato senza informazioni di debug
     1>wxbase29u.lib(textbuf.obj) : warning LNK4099: impossibile trovare il PDB 'wxbase29u.pdb' con 'wxbase29u.lib(textbuf.obj)' o in 'D:\minimalcustom\bin\wxbase29u.pdb'; oggetto collegato senza informazioni di debug
     1>wxbase29u.lib(textfile.obj) : warning LNK4099: impossibile trovare il PDB 'wxbase29u.pdb' con 'wxbase29u.lib(textfile.obj)' o in 'D:\minimalcustom\bin\wxbase29u.pdb'; oggetto collegato senza informazioni di debug
     1>wxbase29u.lib(time.obj) : warning LNK4099: impossibile trovare il PDB 'wxbase29u.pdb' con 'wxbase29u.lib(time.obj)' o in 'D:\minimalcustom\bin\wxbase29u.pdb'; oggetto collegato senza informazioni di debug
     1>wxbase29u.lib(timercmn.obj) : warning LNK4099: impossibile trovare il PDB 'wxbase29u.pdb' con 'wxbase29u.lib(timercmn.obj)' o in 'D:\minimalcustom\bin\wxbase29u.pdb'; oggetto collegato senza informazioni di debug
     1>wxbase29u.lib(timerimpl.obj) : warning LNK4099: impossibile trovare il PDB 'wxbase29u.pdb' con 'wxbase29u.lib(timerimpl.obj)' o in 'D:\minimalcustom\bin\wxbase29u.pdb'; oggetto collegato senza informazioni di debug
     1>wxbase29u.lib(tokenzr.obj) : warning LNK4099: impossibile trovare il PDB 'wxbase29u.pdb' con 'wxbase29u.lib(tokenzr.obj)' o in 'D:\minimalcustom\bin\wxbase29u.pdb'; oggetto collegato senza informazioni di debug
     1>wxbase29u.lib(translation.obj) : warning LNK4099: impossibile trovare il PDB 'wxbase29u.pdb' con 'wxbase29u.lib(translation.obj)' o in 'D:\minimalcustom\bin\wxbase29u.pdb'; oggetto collegato senza informazioni di debug
     1>wxbase29u.lib(txtstrm.obj) : warning LNK4099: impossibile trovare il PDB 'wxbase29u.pdb' con 'wxbase29u.lib(txtstrm.obj)' o in 'D:\minimalcustom\bin\wxbase29u.pdb'; oggetto collegato senza informazioni di debug
     1>wxbase29u.lib(unichar.obj) : warning LNK4099: impossibile trovare il PDB 'wxbase29u.pdb' con 'wxbase29u.lib(unichar.obj)' o in 'D:\minimalcustom\bin\wxbase29u.pdb'; oggetto collegato senza informazioni di debug
     1>wxbase29u.lib(uri.obj) : warning LNK4099: impossibile trovare il PDB 'wxbase29u.pdb' con 'wxbase29u.lib(uri.obj)' o in 'D:\minimalcustom\bin\wxbase29u.pdb'; oggetto collegato senza informazioni di debug
     1>wxbase29u.lib(utilscmn.obj) : warning LNK4099: impossibile trovare il PDB 'wxbase29u.pdb' con 'wxbase29u.lib(utilscmn.obj)' o in 'D:\minimalcustom\bin\wxbase29u.pdb'; oggetto collegato senza informazioni di debug
     1>wxbase29u.lib(variant.obj) : warning LNK4099: impossibile trovare il PDB 'wxbase29u.pdb' con 'wxbase29u.lib(variant.obj)' o in 'D:\minimalcustom\bin\wxbase29u.pdb'; oggetto collegato senza informazioni di debug
     1>wxbase29u.lib(wfstream.obj) : warning LNK4099: impossibile trovare il PDB 'wxbase29u.pdb' con 'wxbase29u.lib(wfstream.obj)' o in 'D:\minimalcustom\bin\wxbase29u.pdb'; oggetto collegato senza informazioni di debug
     1>wxbase29u.lib(wxcrt.obj) : warning LNK4099: impossibile trovare il PDB 'wxbase29u.pdb' con 'wxbase29u.lib(wxcrt.obj)' o in 'D:\minimalcustom\bin\wxbase29u.pdb'; oggetto collegato senza informazioni di debug
     1>wxbase29u.lib(xlocale.obj) : warning LNK4099: impossibile trovare il PDB 'wxbase29u.pdb' con 'wxbase29u.lib(xlocale.obj)' o in 'D:\minimalcustom\bin\wxbase29u.pdb'; oggetto collegato senza informazioni di debug
     1>wxbase29u.lib(basemsw.obj) : warning LNK4099: impossibile trovare il PDB 'wxbase29u.pdb' con 'wxbase29u.lib(basemsw.obj)' o in 'D:\minimalcustom\bin\wxbase29u.pdb'; oggetto collegato senza informazioni di debug
     1>wxbase29u.lib(crashrpt.obj) : warning LNK4099: impossibile trovare il PDB 'wxbase29u.pdb' con 'wxbase29u.lib(crashrpt.obj)' o in 'D:\minimalcustom\bin\wxbase29u.pdb'; oggetto collegato senza informazioni di debug
     1>wxbase29u.lib(dde.obj) : warning LNK4099: impossibile trovare il PDB 'wxbase29u.pdb' con 'wxbase29u.lib(dde.obj)' o in 'D:\minimalcustom\bin\wxbase29u.pdb'; oggetto collegato senza informazioni di debug
     1>wxbase29u.lib(debughlp.obj) : warning LNK4099: impossibile trovare il PDB 'wxbase29u.pdb' con 'wxbase29u.lib(debughlp.obj)' o in 'D:\minimalcustom\bin\wxbase29u.pdb'; oggetto collegato senza informazioni di debug
     1>wxbase29u.lib(dir.obj) : warning LNK4099: impossibile trovare il PDB 'wxbase29u.pdb' con 'wxbase29u.lib(dir.obj)' o in 'D:\minimalcustom\bin\wxbase29u.pdb'; oggetto collegato senza informazioni di debug
     1>wxbase29u.lib(dlmsw.obj) : warning LNK4099: impossibile trovare il PDB 'wxbase29u.pdb' con 'wxbase29u.lib(dlmsw.obj)' o in 'D:\minimalcustom\bin\wxbase29u.pdb'; oggetto collegato senza informazioni di debug
     1>wxbase29u.lib(evtloop.obj) : warning LNK4099: impossibile trovare il PDB 'wxbase29u.pdb' con 'wxbase29u.lib(evtloop.obj)' o in 'D:\minimalcustom\bin\wxbase29u.pdb'; oggetto collegato senza informazioni di debug
     1>wxbase29u.lib(main.obj) : warning LNK4099: impossibile trovare il PDB 'wxbase29u.pdb' con 'wxbase29u.lib(main.obj)' o in 'D:\minimalcustom\bin\wxbase29u.pdb'; oggetto collegato senza informazioni di debug
     1>wxbase29u.lib(mimetype.obj) : warning LNK4099: impossibile trovare il PDB 'wxbase29u.pdb' con 'wxbase29u.lib(mimetype.obj)' o in 'D:\minimalcustom\bin\wxbase29u.pdb'; oggetto collegato senza informazioni di debug
     1>wxbase29u.lib(regconf.obj) : warning LNK4099: impossibile trovare il PDB 'wxbase29u.pdb' con 'wxbase29u.lib(regconf.obj)' o in 'D:\minimalcustom\bin\wxbase29u.pdb'; oggetto collegato senza informazioni di debug
     1>wxbase29u.lib(registry.obj) : warning LNK4099: impossibile trovare il PDB 'wxbase29u.pdb' con 'wxbase29u.lib(registry.obj)' o in 'D:\minimalcustom\bin\wxbase29u.pdb'; oggetto collegato senza informazioni di debug
     1>wxbase29u.lib(stackwalk.obj) : warning LNK4099: impossibile trovare il PDB 'wxbase29u.pdb' con 'wxbase29u.lib(stackwalk.obj)' o in 'D:\minimalcustom\bin\wxbase29u.pdb'; oggetto collegato senza informazioni di debug
     1>wxbase29u.lib(stdpaths.obj) : warning LNK4099: impossibile trovare il PDB 'wxbase29u.pdb' con 'wxbase29u.lib(stdpaths.obj)' o in 'D:\minimalcustom\bin\wxbase29u.pdb'; oggetto collegato senza informazioni di debug
     1>wxbase29u.lib(thread.obj) : warning LNK4099: impossibile trovare il PDB 'wxbase29u.pdb' con 'wxbase29u.lib(thread.obj)' o in 'D:\minimalcustom\bin\wxbase29u.pdb'; oggetto collegato senza informazioni di debug
     1>wxbase29u.lib(timer.obj) : warning LNK4099: impossibile trovare il PDB 'wxbase29u.pdb' con 'wxbase29u.lib(timer.obj)' o in 'D:\minimalcustom\bin\wxbase29u.pdb'; oggetto collegato senza informazioni di debug
     1>wxbase29u.lib(utils.obj) : warning LNK4099: impossibile trovare il PDB 'wxbase29u.pdb' con 'wxbase29u.lib(utils.obj)' o in 'D:\minimalcustom\bin\wxbase29u.pdb'; oggetto collegato senza informazioni di debug
     1>wxbase29u.lib(utilsexc.obj) : warning LNK4099: impossibile trovare il PDB 'wxbase29u.pdb' con 'wxbase29u.lib(utilsexc.obj)' o in 'D:\minimalcustom\bin\wxbase29u.pdb'; oggetto collegato senza informazioni di debug
     1>wxmsw29u_richtext.lib(dummy.obj) : warning LNK4099: impossibile trovare il PDB 'wxmsw29u_richtext.pdb' con 'wxmsw29u_richtext.lib(dummy.obj)' o in 'D:\minimalcustom\bin\wxmsw29u_richtext.pdb'; oggetto collegato senza informazioni di debug
     1>wxmsw29u_richtext.lib(richtextbuffer.obj) : warning LNK4099: impossibile trovare il PDB 'wxmsw29u_richtext.pdb' con 'wxmsw29u_richtext.lib(richtextbuffer.obj)' o in 'D:\minimalcustom\bin\wxmsw29u_richtext.pdb'; oggetto collegato senza informazioni di debug
     1>wxmsw29u_richtext.lib(richtextctrl.obj) : warning LNK4099: impossibile trovare il PDB 'wxmsw29u_richtext.pdb' con 'wxmsw29u_richtext.lib(richtextctrl.obj)' o in 'D:\minimalcustom\bin\wxmsw29u_richtext.pdb'; oggetto collegato senza informazioni di debug
     1>wxmsw29u_richtext.lib(richtextformatdlg.obj) : warning LNK4099: impossibile trovare il PDB 'wxmsw29u_richtext.pdb' con 'wxmsw29u_richtext.lib(richtextformatdlg.obj)' o in 'D:\minimalcustom\bin\wxmsw29u_richtext.pdb'; oggetto collegato senza informazioni di debug
     1>wxmsw29u_richtext.lib(richtextimagedlg.obj) : warning LNK4099: impossibile trovare il PDB 'wxmsw29u_richtext.pdb' con 'wxmsw29u_richtext.lib(richtextimagedlg.obj)' o in 'D:\minimalcustom\bin\wxmsw29u_richtext.pdb'; oggetto collegato senza informazioni di debug
     1>wxmsw29u_richtext.lib(richtextstyles.obj) : warning LNK4099: impossibile trovare il PDB 'wxmsw29u_richtext.pdb' con 'wxmsw29u_richtext.lib(richtextstyles.obj)' o in 'D:\minimalcustom\bin\wxmsw29u_richtext.pdb'; oggetto collegato senza informazioni di debug
     1>wxmsw29u_richtext.lib(richtextsymboldlg.obj) : warning LNK4099: impossibile trovare il PDB 'wxmsw29u_richtext.pdb' con 'wxmsw29u_richtext.lib(richtextsymboldlg.obj)' o in 'D:\minimalcustom\bin\wxmsw29u_richtext.pdb'; oggetto collegato senza informazioni di debug
     1>wxmsw29u_richtext.lib(richtextxml.obj) : warning LNK4099: impossibile trovare il PDB 'wxmsw29u_richtext.pdb' con 'wxmsw29u_richtext.lib(richtextxml.obj)' o in 'D:\minimalcustom\bin\wxmsw29u_richtext.pdb'; oggetto collegato senza informazioni di debug
     1>wxmsw29u_adv.lib(dummy.obj) : warning LNK4099: impossibile trovare il PDB 'wxmsw29u_adv.pdb' con 'wxmsw29u_adv.lib(dummy.obj)' o in 'D:\minimalcustom\bin\wxmsw29u_adv.pdb'; oggetto collegato senza informazioni di debug
     1>wxmsw29u_adv.lib(propdlg.obj) : warning LNK4099: impossibile trovare il PDB 'wxmsw29u_adv.pdb' con 'wxmsw29u_adv.lib(propdlg.obj)' o in 'D:\minimalcustom\bin\wxmsw29u_adv.pdb'; oggetto collegato senza informazioni di debug
     1>wxmsw29u_html.lib(dummy.obj) : warning LNK4099: impossibile trovare il PDB 'wxmsw29u_html.pdb' con 'wxmsw29u_html.lib(dummy.obj)' o in 'D:\minimalcustom\bin\wxmsw29u_html.pdb'; oggetto collegato senza informazioni di debug
     1>wxmsw29u_html.lib(htmllbox.obj) : warning LNK4099: impossibile trovare il PDB 'wxmsw29u_html.pdb' con 'wxmsw29u_html.lib(htmllbox.obj)' o in 'D:\minimalcustom\bin\wxmsw29u_html.pdb'; oggetto collegato senza informazioni di debug
     1>wxmsw29u_html.lib(htmlcell.obj) : warning LNK4099: impossibile trovare il PDB 'wxmsw29u_html.pdb' con 'wxmsw29u_html.lib(htmlcell.obj)' o in 'D:\minimalcustom\bin\wxmsw29u_html.pdb'; oggetto collegato senza informazioni di debug
     1>wxmsw29u_html.lib(htmlfilt.obj) : warning LNK4099: impossibile trovare il PDB 'wxmsw29u_html.pdb' con 'wxmsw29u_html.lib(htmlfilt.obj)' o in 'D:\minimalcustom\bin\wxmsw29u_html.pdb'; oggetto collegato senza informazioni di debug
     1>wxmsw29u_html.lib(htmlpars.obj) : warning LNK4099: impossibile trovare il PDB 'wxmsw29u_html.pdb' con 'wxmsw29u_html.lib(htmlpars.obj)' o in 'D:\minimalcustom\bin\wxmsw29u_html.pdb'; oggetto collegato senza informazioni di debug
     1>wxmsw29u_html.lib(htmltag.obj) : warning LNK4099: impossibile trovare il PDB 'wxmsw29u_html.pdb' con 'wxmsw29u_html.lib(htmltag.obj)' o in 'D:\minimalcustom\bin\wxmsw29u_html.pdb'; oggetto collegato senza informazioni di debug
     1>wxmsw29u_html.lib(htmlwin.obj) : warning LNK4099: impossibile trovare il PDB 'wxmsw29u_html.pdb' con 'wxmsw29u_html.lib(htmlwin.obj)' o in 'D:\minimalcustom\bin\wxmsw29u_html.pdb'; oggetto collegato senza informazioni di debug
     1>wxmsw29u_html.lib(m_dflist.obj) : warning LNK4099: impossibile trovare il PDB 'wxmsw29u_html.pdb' con 'wxmsw29u_html.lib(m_dflist.obj)' o in 'D:\minimalcustom\bin\wxmsw29u_html.pdb'; oggetto collegato senza informazioni di debug
     1>wxmsw29u_html.lib(m_fonts.obj) : warning LNK4099: impossibile trovare il PDB 'wxmsw29u_html.pdb' con 'wxmsw29u_html.lib(m_fonts.obj)' o in 'D:\minimalcustom\bin\wxmsw29u_html.pdb'; oggetto collegato senza informazioni di debug
     1>wxmsw29u_html.lib(m_hline.obj) : warning LNK4099: impossibile trovare il PDB 'wxmsw29u_html.pdb' con 'wxmsw29u_html.lib(m_hline.obj)' o in 'D:\minimalcustom\bin\wxmsw29u_html.pdb'; oggetto collegato senza informazioni di debug
     1>wxmsw29u_html.lib(m_image.obj) : warning LNK4099: impossibile trovare il PDB 'wxmsw29u_html.pdb' con 'wxmsw29u_html.lib(m_image.obj)' o in 'D:\minimalcustom\bin\wxmsw29u_html.pdb'; oggetto collegato senza informazioni di debug
     1>wxmsw29u_html.lib(m_layout.obj) : warning LNK4099: impossibile trovare il PDB 'wxmsw29u_html.pdb' con 'wxmsw29u_html.lib(m_layout.obj)' o in 'D:\minimalcustom\bin\wxmsw29u_html.pdb'; oggetto collegato senza informazioni di debug
     1>wxmsw29u_html.lib(m_links.obj) : warning LNK4099: impossibile trovare il PDB 'wxmsw29u_html.pdb' con 'wxmsw29u_html.lib(m_links.obj)' o in 'D:\minimalcustom\bin\wxmsw29u_html.pdb'; oggetto collegato senza informazioni di debug
     1>wxmsw29u_html.lib(m_list.obj) : warning LNK4099: impossibile trovare il PDB 'wxmsw29u_html.pdb' con 'wxmsw29u_html.lib(m_list.obj)' o in 'D:\minimalcustom\bin\wxmsw29u_html.pdb'; oggetto collegato senza informazioni di debug
     1>wxmsw29u_html.lib(m_pre.obj) : warning LNK4099: impossibile trovare il PDB 'wxmsw29u_html.pdb' con 'wxmsw29u_html.lib(m_pre.obj)' o in 'D:\minimalcustom\bin\wxmsw29u_html.pdb'; oggetto collegato senza informazioni di debug
     1>wxmsw29u_html.lib(m_span.obj) : warning LNK4099: impossibile trovare il PDB 'wxmsw29u_html.pdb' con 'wxmsw29u_html.lib(m_span.obj)' o in 'D:\minimalcustom\bin\wxmsw29u_html.pdb'; oggetto collegato senza informazioni di debug
     1>wxmsw29u_html.lib(m_style.obj) : warning LNK4099: impossibile trovare il PDB 'wxmsw29u_html.pdb' con 'wxmsw29u_html.lib(m_style.obj)' o in 'D:\minimalcustom\bin\wxmsw29u_html.pdb'; oggetto collegato senza informazioni di debug
     1>wxmsw29u_html.lib(m_tables.obj) : warning LNK4099: impossibile trovare il PDB 'wxmsw29u_html.pdb' con 'wxmsw29u_html.lib(m_tables.obj)' o in 'D:\minimalcustom\bin\wxmsw29u_html.pdb'; oggetto collegato senza informazioni di debug
     1>wxmsw29u_html.lib(styleparams.obj) : warning LNK4099: impossibile trovare il PDB 'wxmsw29u_html.pdb' con 'wxmsw29u_html.lib(styleparams.obj)' o in 'D:\minimalcustom\bin\wxmsw29u_html.pdb'; oggetto collegato senza informazioni di debug
     1>wxmsw29u_html.lib(winpars.obj) : warning LNK4099: impossibile trovare il PDB 'wxmsw29u_html.pdb' con 'wxmsw29u_html.lib(winpars.obj)' o in 'D:\minimalcustom\bin\wxmsw29u_html.pdb'; oggetto collegato senza informazioni di debug
     1>wxbase29u_xml.lib(dummy.obj) : warning LNK4099: impossibile trovare il PDB 'wxbase29u_xml.pdb' con 'wxbase29u_xml.lib(dummy.obj)' o in 'D:\minimalcustom\bin\wxbase29u_xml.pdb'; oggetto collegato senza informazioni di debug
     1>wxbase29u_xml.lib(xml.obj) : warning LNK4099: impossibile trovare il PDB 'wxbase29u_xml.pdb' con 'wxbase29u_xml.lib(xml.obj)' o in 'D:\minimalcustom\bin\wxbase29u_xml.pdb'; oggetto collegato senza informazioni di debug
     1>wxpng.lib(png.obj) : warning LNK4099: impossibile trovare il PDB 'wxpng.pdb' con 'wxpng.lib(png.obj)' o in 'D:\minimalcustom\bin\wxpng.pdb'; oggetto collegato senza informazioni di debug
     1>wxpng.lib(pngerror.obj) : warning LNK4099: impossibile trovare il PDB 'wxpng.pdb' con 'wxpng.lib(pngerror.obj)' o in 'D:\minimalcustom\bin\wxpng.pdb'; oggetto collegato senza informazioni di debug
     1>wxpng.lib(pngget.obj) : warning LNK4099: impossibile trovare il PDB 'wxpng.pdb' con 'wxpng.lib(pngget.obj)' o in 'D:\minimalcustom\bin\wxpng.pdb'; oggetto collegato senza informazioni di debug
     1>wxpng.lib(pngmem.obj) : warning LNK4099: impossibile trovare il PDB 'wxpng.pdb' con 'wxpng.lib(pngmem.obj)' o in 'D:\minimalcustom\bin\wxpng.pdb'; oggetto collegato senza informazioni di debug
     1>wxpng.lib(pngread.obj) : warning LNK4099: impossibile trovare il PDB 'wxpng.pdb' con 'wxpng.lib(pngread.obj)' o in 'D:\minimalcustom\bin\wxpng.pdb'; oggetto collegato senza informazioni di debug
     1>wxpng.lib(pngrio.obj) : warning LNK4099: impossibile trovare il PDB 'wxpng.pdb' con 'wxpng.lib(pngrio.obj)' o in 'D:\minimalcustom\bin\wxpng.pdb'; oggetto collegato senza informazioni di debug
     1>wxpng.lib(pngrtran.obj) : warning LNK4099: impossibile trovare il PDB 'wxpng.pdb' con 'wxpng.lib(pngrtran.obj)' o in 'D:\minimalcustom\bin\wxpng.pdb'; oggetto collegato senza informazioni di debug
     1>wxpng.lib(pngrutil.obj) : warning LNK4099: impossibile trovare il PDB 'wxpng.pdb' con 'wxpng.lib(pngrutil.obj)' o in 'D:\minimalcustom\bin\wxpng.pdb'; oggetto collegato senza informazioni di debug
     1>wxpng.lib(pngset.obj) : warning LNK4099: impossibile trovare il PDB 'wxpng.pdb' con 'wxpng.lib(pngset.obj)' o in 'D:\minimalcustom\bin\wxpng.pdb'; oggetto collegato senza informazioni di debug
     1>wxpng.lib(pngtrans.obj) : warning LNK4099: impossibile trovare il PDB 'wxpng.pdb' con 'wxpng.lib(pngtrans.obj)' o in 'D:\minimalcustom\bin\wxpng.pdb'; oggetto collegato senza informazioni di debug
     1>wxpng.lib(pngwio.obj) : warning LNK4099: impossibile trovare il PDB 'wxpng.pdb' con 'wxpng.lib(pngwio.obj)' o in 'D:\minimalcustom\bin\wxpng.pdb'; oggetto collegato senza informazioni di debug
     1>wxpng.lib(pngwrite.obj) : warning LNK4099: impossibile trovare il PDB 'wxpng.pdb' con 'wxpng.lib(pngwrite.obj)' o in 'D:\minimalcustom\bin\wxpng.pdb'; oggetto collegato senza informazioni di debug
     1>wxpng.lib(pngwtran.obj) : warning LNK4099: impossibile trovare il PDB 'wxpng.pdb' con 'wxpng.lib(pngwtran.obj)' o in 'D:\minimalcustom\bin\wxpng.pdb'; oggetto collegato senza informazioni di debug
     1>wxpng.lib(pngwutil.obj) : warning LNK4099: impossibile trovare il PDB 'wxpng.pdb' con 'wxpng.lib(pngwutil.obj)' o in 'D:\minimalcustom\bin\wxpng.pdb'; oggetto collegato senza informazioni di debug
     1>wxzlib.lib(adler32.obj) : warning LNK4099: impossibile trovare il PDB 'wxzlib.pdb' con 'wxzlib.lib(adler32.obj)' o in 'D:\minimalcustom\bin\wxzlib.pdb'; oggetto collegato senza informazioni di debug
     1>wxzlib.lib(compress.obj) : warning LNK4099: impossibile trovare il PDB 'wxzlib.pdb' con 'wxzlib.lib(compress.obj)' o in 'D:\minimalcustom\bin\wxzlib.pdb'; oggetto collegato senza informazioni di debug
     1>wxzlib.lib(crc32.obj) : warning LNK4099: impossibile trovare il PDB 'wxzlib.pdb' con 'wxzlib.lib(crc32.obj)' o in 'D:\minimalcustom\bin\wxzlib.pdb'; oggetto collegato senza informazioni di debug
     1>wxzlib.lib(deflate.obj) : warning LNK4099: impossibile trovare il PDB 'wxzlib.pdb' con 'wxzlib.lib(deflate.obj)' o in 'D:\minimalcustom\bin\wxzlib.pdb'; oggetto collegato senza informazioni di debug
     1>wxzlib.lib(inffast.obj) : warning LNK4099: impossibile trovare il PDB 'wxzlib.pdb' con 'wxzlib.lib(inffast.obj)' o in 'D:\minimalcustom\bin\wxzlib.pdb'; oggetto collegato senza informazioni di debug
     1>wxzlib.lib(inflate.obj) : warning LNK4099: impossibile trovare il PDB 'wxzlib.pdb' con 'wxzlib.lib(inflate.obj)' o in 'D:\minimalcustom\bin\wxzlib.pdb'; oggetto collegato senza informazioni di debug
     1>wxzlib.lib(inftrees.obj) : warning LNK4099: impossibile trovare il PDB 'wxzlib.pdb' con 'wxzlib.lib(inftrees.obj)' o in 'D:\minimalcustom\bin\wxzlib.pdb'; oggetto collegato senza informazioni di debug
     1>wxzlib.lib(trees.obj) : warning LNK4099: impossibile trovare il PDB 'wxzlib.pdb' con 'wxzlib.lib(trees.obj)' o in 'D:\minimalcustom\bin\wxzlib.pdb'; oggetto collegato senza informazioni di debug
     1>wxzlib.lib(zutil.obj) : warning LNK4099: impossibile trovare il PDB 'wxzlib.pdb' con 'wxzlib.lib(zutil.obj)' o in 'D:\minimalcustom\bin\wxzlib.pdb'; oggetto collegato senza informazioni di debug
     1>wxexpat.lib(xmlparse.obj) : warning LNK4099: impossibile trovare il PDB 'wxexpat.pdb' con 'wxexpat.lib(xmlparse.obj)' o in 'D:\minimalcustom\bin\wxexpat.pdb'; oggetto collegato senza informazioni di debug
     1>wxexpat.lib(xmlrole.obj) : warning LNK4099: impossibile trovare il PDB 'wxexpat.pdb' con 'wxexpat.lib(xmlrole.obj)' o in 'D:\minimalcustom\bin\wxexpat.pdb'; oggetto collegato senza informazioni di debug
     1>wxexpat.lib(xmltok.obj) : warning LNK4099: impossibile trovare il PDB 'wxexpat.pdb' con 'wxexpat.lib(xmltok.obj)' o in 'D:\minimalcustom\bin\wxexpat.pdb'; oggetto collegato senza informazioni di debug
         minimal_vc9.vcxproj -> D:\minimalcustom\bin\minimal.exe
     1>Compilazione progetto "D:\minimalcustom\minimal_vc9.vcxproj" (destinazioni: Rebuild) completata.

Compilazione completata.

Tempo trascorso 00:00:08.08
