2014-10-17 07:01:09.698502|INFO    |              |   | TeamSpeak 3 Client 3.0.2 (2012-07-19 10:50:53) SDK
2014-10-17 07:01:09.728502|DEBUG   |Direct Sound  |   | setting timer resolution to 1ms
2014-10-17 07:01:09.807505|DEBUG   |Windows Audio Session|   | WAS::openDevice-enter
2014-10-17 07:01:09.836507|DEBUG   |Windows Audio Session|   | WAS Buffer size: 896
2014-10-17 07:01:09.836507|DEBUG   |Windows Audio Session|   | WAS::openDevice-leave
2014-10-17 07:01:09.836507|INFO    |PreProSpeex   |  1| Speex version: speex-1.2beta3
2014-10-17 07:01:09.837507|DEBUG   |Windows Audio Session|   | WAS::startDevice-enter
2014-10-17 07:01:09.837507|DEBUG   |Windows Audio Session|   | WAS::startDevice-leave
2014-10-17 07:01:09.837507|DEBUG   |Windows Audio Session|   | WAS::openDevice-enter
2014-10-17 07:01:09.856508|DEBUG   |Windows Audio Session|   | WAS Buffer size: 960
2014-10-17 07:01:09.856508|DEBUG   |Windows Audio Session|   | WAS::openDevice-leave
2014-10-17 07:01:09.857508|DEBUG   |Windows Audio Session|   | WAS::startDevice-enter
2014-10-17 07:01:09.857508|DEBUG   |Windows Audio Session|   | WAS::startDevice-leave
2014-10-17 07:03:01.282881|DEBUG   |Windows Audio Session|   | WAS::stopDevice-enter
2014-10-17 07:03:01.282881|DEBUG   |Windows Audio Session|   | WAS::stopDevice-leave
2014-10-17 07:03:01.282881|DEBUG   |Windows Audio Session|   | WAS::closeDevice-enter
2014-10-17 07:03:01.282881|DEVELOP |Windows Audio Session|   | DeviceDeleteList::queueDeviceDelete - enter
2014-10-17 07:03:01.282881|DEVELOP |Windows Audio Session|   | DeviceDeleteList::queueDeviceDelete - leave
2014-10-17 07:03:01.282881|DEVELOP |Windows Audio Session|   | DeviceDeleteList::clearQueue - enter
2014-10-17 07:03:01.282881|DEBUG   |Windows Audio Session|   | WAS::closeDevice-leave
2014-10-17 07:03:01.282881|DEVELOP |Windows Audio Session|   | DeviceDeleteList::waitForDeletes - enter
2014-10-17 07:03:01.282881|DEVELOP |Windows Audio Session|   | Waiting for device to close 
2014-10-17 07:03:01.284881|DEVELOP |Windows Audio Session|   | DeviceDeleteList::clearQueue - leave 
2014-10-17 07:03:01.284881|DEVELOP |Windows Audio Session|   | DeviceDeleteList::waitForDeletes - leave
